#
# A fatal error has been detected by the Java Runtime Environment:
#
#  Internal Error (jvmciRuntime.cpp:1609), pid=36, tid=61
#  fatal error: Fatal exception in JVMCI: Error calling jdk.vm.ci.services.Services.serializeSavedProperties
#
# JRE version: OpenJDK Runtime Environment GraalVM CE 22.3.0 (17.0.5+8) (build 17.0.5+8-jvmci-22.3-b08)
# Java VM: OpenJDK 64-Bit Server VM GraalVM CE 22.3.0 (17.0.5+8-jvmci-22.3-b08, mixed mode, sharing, tiered, jvmci, jvmci compiler, compressed oops, compressed class ptrs, parallel gc, linux-amd64)
# Problematic frame:
# V  [libjvm.so+0x972714]  JVMCIRuntime::fatal_exception(JVMCIEnv*, char const*)+0x74
#
# Core dump will be written. Default location: Core dumps may be processed with "/usr/share/apport/apport -p%p -s%s -c%c -d%d -P%P -u%u -g%g -- %E" (or dumping to /home/runner/ProyectoAsistenciaColegio/core.36)
#
# If you would like to submit a bug report, please visit:
#   https://github.com/oracle/graal/issues
#

---------------  S U M M A R Y ------------

Command Line: -XX:ThreadPriorityPolicy=1 -XX:+UnlockExperimentalVMOptions -XX:+EnableJVMCIProduct -XX:JVMCIThreadsPerNativeLibraryRuntime=1 -XX:-UnlockExperimentalVMOptions -Declipse.application=org.eclipse.jdt.ls.core.id1 -Dosgi.bundles.defaultStartLevel=4 -Declipse.product=org.eclipse.jdt.ls.core.product -Dlog.level=ALL -Xverify:none -XX:+UseParallelGC -XX:GCTimeRatio=4 -XX:AdaptiveSizePolicyWeight=90 -Dsun.zip.disableMemoryMapping=true -Xmx512m -Xms100m /nix/store/a7s9klvriqi68xz3qjc0qyfl5h86xc16-jdt-language-server-1.9.0/share/java/plugins/org.eclipse.equinox.launcher_1.6.400.v20210924-0641.jar --add-modules=ALL-SYSTEM --add-opens java.base/java.util=ALL-UNNAMED --add-opens java.base/java.lang=ALL-UNNAMED -configuration /home/runner/.cache/jdt-language-server/config -data /home/runner/.cache/jdt-language-server/data/home/runner/ProyectoAsistenciaColegio

Host: Intel(R) Xeon(R) CPU @ 2.20GHz, 8 cores, 1G, Ubuntu 20.04.2 LTS
Time: Fri Sep  8 19:08:32 2023 UTC elapsed time: 953.794065 seconds (0d 0h 15m 53s)

---------------  T H R E A D  ---------------

Current thread (0x00007fafc80b1c30):  JavaThread "JVMCI-native CompilerThread0" daemon [_thread_in_vm, id=61, stack(0x00007fafae900000,0x00007fafaeb00000)]


Current CompileTask:
JVMCI-native: 953794 9660       4       java.lang.AbstractStringBuilder::append (63 bytes)

Stack: [0x00007fafae900000,0x00007fafaeb00000],  sp=0x00007fafaeafe380,  free space=2040k
Native frames: (J=compiled Java code, j=interpreted, Vv=VM code, C=native code)
V  [libjvm.so+0x972714]  JVMCIRuntime::fatal_exception(JVMCIEnv*, char const*)+0x74
V  [libjvm.so+0x93e2fe]  JVMCIEnv::copy_saved_properties()+0x14e
V  [libjvm.so+0x9732a9]  JVMCIRuntime::initialize(JVMCIEnv*)+0xb19
V  [libjvm.so+0x9738a2]  JVMCIRuntime::get_HotSpotJVMCIRuntime(JVMCIEnv*)+0x12
V  [libjvm.so+0x9749f2]  JVMCIRuntime::compile_method(JVMCIEnv*, JVMCICompiler*, methodHandle const&, int)+0xd2
V  [libjvm.so+0x5b0d20]  CompileBroker::invoke_compiler_on_method(CompileTask*)+0x1470
V  [libjvm.so+0x5b12e8]  CompileBroker::compiler_thread_loop()+0x528
V  [libjvm.so+0xd82460]  JavaThread::thread_main_inner()+0xd0
V  [libjvm.so+0xd85a40]  Thread::call_run()+0xc0
V  [libjvm.so+0xbdb1e1]  thread_native_entry(Thread*)+0xe1

Register to memory mapping:

RAX=0x00007fafce63d000 points into unknown readable memory: 0x0000000000000058 | 58 00 00 00 00 00 00 00
RBX=0x00007fafcf738398: <offset 0x0000000000ef5398> in /nix/store/gpxl5qgg8kicmcvivwmybwjlpf7wh20l-graalvm17-ce-22.3.0/lib/server/libjvm.so at 0x00007fafce843000
RCX=0x00007fafcf6f01e8: <offset 0x0000000000ead1e8> in /nix/store/gpxl5qgg8kicmcvivwmybwjlpf7wh20l-graalvm17-ce-22.3.0/lib/server/libjvm.so at 0x00007fafce843000
RDX=0x0000000000000649 is an unknown value
RSP=0x00007fafaeafe380 is pointing into the stack for thread: 0x00007fafc80b1c30
RBP=0x00007fafaeafe3a0 is pointing into the stack for thread: 0x00007fafc80b1c30
RSI=0x00007fafcf738c48: <offset 0x0000000000ef5c48> in /nix/store/gpxl5qgg8kicmcvivwmybwjlpf7wh20l-graalvm17-ce-22.3.0/lib/server/libjvm.so at 0x00007fafce843000
RDI=0x00000000e0000000 is an oop: java.lang.String 
{0x00000000e0000000} - klass: 'java/lang/String'
 - string: "resolution"
R8 =0x00007fafcf738398: <offset 0x0000000000ef5398> in /nix/store/gpxl5qgg8kicmcvivwmybwjlpf7wh20l-graalvm17-ce-22.3.0/lib/server/libjvm.so at 0x00007fafce843000
R9 =0x0000000000000003 is an unknown value
R10=0x00007fafcfa89da0: <offset 0x0000000001246da0> in /nix/store/gpxl5qgg8kicmcvivwmybwjlpf7wh20l-graalvm17-ce-22.3.0/lib/server/libjvm.so at 0x00007fafce843000
R11=0x000000080044f048 is pointing into metadata
R12=0x0 is NULL
R13=0x00007fafc80b1c30 is a thread
R14=0x00007fafc8000b80 points into unknown readable memory: 0x00007fafcf969a38 | 38 9a 96 cf af 7f 00 00
R15=0x00007fafcfa77e40: <offset 0x0000000001234e40> in /nix/store/gpxl5qgg8kicmcvivwmybwjlpf7wh20l-graalvm17-ce-22.3.0/lib/server/libjvm.so at 0x00007fafce843000


Registers:
RAX=0x00007fafce63d000, RBX=0x00007fafcf738398, RCX=0x00007fafcf6f01e8, RDX=0x0000000000000649
RSP=0x00007fafaeafe380, RBP=0x00007fafaeafe3a0, RSI=0x00007fafcf738c48, RDI=0x00000000e0000000
R8 =0x00007fafcf738398, R9 =0x0000000000000003, R10=0x00007fafcfa89da0, R11=0x000000080044f048
R12=0x0000000000000000, R13=0x00007fafc80b1c30, R14=0x00007fafc8000b80, R15=0x00007fafcfa77e40
RIP=0x00007fafcf1b5714, EFLAGS=0x0000000000010206, CSGSFS=0x002b000000000033, ERR=0x0000000000000006
  TRAPNO=0x000000000000000e

Top of Stack: (sp=0x00007fafaeafe380)
0x00007fafaeafe380:   00007fafaeafe940 00007fafc80b1c30
0x00007fafaeafe390:   00007fafccfcf110 0000000800c419d8
0x00007fafaeafe3a0:   00007fafaeafe500 00007fafcf1812fe
0x00007fafaeafe3b0:   00007fafaeafe3e0 00007fafaeafe440 

Instructions: (pc=0x00007fafcf1b5714)
0x00007fafcf1b5614:   30 e8 f6 cf e8 ff 4c 89 e7 e8 2e 48 d1 ff 84 db
0x00007fafcf1b5624:   75 2a 4d 85 ed 74 04 4d 8b 6d 00 48 83 c4 08 44
0x00007fafcf1b5634:   89 f9 4c 89 f2 4c 89 ee 5b 4c 89 e7 41 5c 41 5d
0x00007fafcf1b5644:   41 5e 41 5f 5d e9 e2 47 d1 ff 66 90 48 83 c4 08
0x00007fafcf1b5654:   5b 41 5c 41 5d 41 5e 41 5f 5d c3 90 31 d2 be 08
0x00007fafcf1b5664:   00 00 00 4c 89 ff e8 b1 78 a3 ff 49 89 c5 e9 37
0x00007fafcf1b5674:   ff ff ff 66 0f 1f 84 00 00 00 00 00 48 8b 7a 08
0x00007fafcf1b5684:   e9 6d ff ff ff 0f 1f 80 00 00 00 00 e8 5b 48 0a
0x00007fafcf1b5694:   00 84 c0 75 89 e9 6a ff ff ff 66 90 55 48 89 e5
0x00007fafcf1b56a4:   41 56 41 55 41 54 49 89 fc 53 48 89 f3 66 48 8d
0x00007fafcf1b56b4:   3d 27 5e 85 00 66 66 48 e8 df 43 8d ff 4c 8b 28
0x00007fafcf1b56c4:   8b 05 be 72 8a 00 85 c0 75 14 ba 01 00 00 00 48
0x00007fafcf1b56d4:   8d 0d ae 72 8a 00 f0 0f b1 11 85 c0 74 4e be c8
0x00007fafcf1b56e4:   00 00 00 4c 89 ef e8 01 0b 41 00 48 8d 05 12 ac
0x00007fafcf1b56f4:   85 00 49 89 d8 48 8d 0d e8 aa 53 00 ba 49 06 00
0x00007fafcf1b5704:   00 48 8d 35 3c 35 58 00 bf 00 00 00 e0 48 8b 00
0x00007fafcf1b5714:   c6 00 58 31 c0 e8 e2 91 c6 ff 5b 41 5c 41 5d 41
0x00007fafcf1b5724:   5e 5d e9 55 34 26 00 0f 1f 44 00 00 48 8d 05 81
0x00007fafcf1b5734:   a3 8b 00 48 89 df 4c 8b 30 e8 9e 43 8d ff 48 89
0x00007fafcf1b5744:   de 48 89 c2 49 8b 06 4c 89 f7 ff 50 08 4c 89 f7
0x00007fafcf1b5754:   e8 a7 5c 27 00 4d 85 e4 74 12 be 01 00 00 00 4c
0x00007fafcf1b5764:   89 e7 e8 35 43 fc ff eb 82 0f 1f 00 be 01 00 00
0x00007fafcf1b5774:   00 4c 89 ef e8 d3 fd ff ff e9 6d ff ff ff 66 66
0x00007fafcf1b5784:   2e 0f 1f 84 00 00 00 00 00 0f 1f 00 55 48 89 e5
0x00007fafcf1b5794:   41 57 41 56 41 55 41 54 53 48 81 ec 08 02 00 00
0x00007fafcf1b57a4:   64 48 8b 04 25 28 00 00 00 48 89 45 c8 8b 07 83
0x00007fafcf1b57b4:   f8 02 0f 84 11 04 00 00 4c 8b 6f 18 49 89 ff 49
0x00007fafcf1b57c4:   89 f4 4d 85 ed 74 14 4c 89 ef e8 5d 57 22 00 41
0x00007fafcf1b57d4:   8b 07 83 f8 02 0f 84 19 04 00 00 48 8d 1d 9a 06
0x00007fafcf1b57e4:   8a 00 4c 8d 35 0b 3c 58 00 eb 38 90 48 85 d2 7f
0x00007fafcf1b57f4:   0d 48 8d 05 b4 c0 85 00 48 83 38 00 7e 0e 41 8b
0x00007fafcf1b5804:   77 2c 4c 89 f7 31 c0 e8 a0 b2 f7 ff 49 8b 7f 18 


Stack slot to memory mapping:
stack at sp + 0 slots: 0x00007fafaeafe940 is pointing into the stack for thread: 0x00007fafc80b1c30
stack at sp + 1 slots: 0x00007fafc80b1c30 is a thread
stack at sp + 2 slots: 0x00007fafccfcf110 points into unknown readable memory: 0x657300188909ffff | ff ff 09 89 18 00 73 65
stack at sp + 3 slots: 0x0000000800c419d8 is a pointer to class: 
jdk.vm.ci.services.Services {0x0000000800c419d8}
 - instance size:     2
 - klass size:        65
 - access:            public final synchronized 
 - state:             fully_initialized
 - name:              'jdk/vm/ci/services/Services'
 - super:             'java/lang/Object'
 - sub:               
 - arrays:            NULL
 - methods:           Array<T>(0x00007fafaec47080)
 - method ordering:   Array<T>(0x0000000800928960)
 - default_methods:   Array<T>(0x0000000000000000)
 - local interfaces:  Array<T>(0x00000008005ce810)
 - trans. interfaces: Array<T>(0x00000008005ce810)
 - constants:         constant pool [427] {0x00007fafaec46160} for 'jdk/vm/ci/services/Services' cache=0x00007fafaec48350
 - class loader data:  loader data: 0x00007fafc8027ce0 of 'bootstrap'
 - source file:       'Services.java'
 - class annotations:       Array<T>(0x0000000000000000)
 - class type annotations:  Array<T>(0x0000000000000000)
 - field annotations:       Array<T>(0x0000000000000000)
 - field type annotations:  Array<T>(0x0000000000000000)
 - inner classes:     Array<T>(0x00007fafaec48320)
 - nest members:     Array<T>(0x00007fafaec48340)
 - permitted subclasses:     Array<T>(0x00000008005ce7a0)
 - java mirror:       a 'java/lang/Class'{0x00000000e0147368} = 'jdk/vm/ci/services/Services'
 - vtable length      5  (start addr: 0x0000000800c41ba8)
 - itable length      2 (start addr: 0x0000000800c41bd0)
 - ---- static fields (3 words):
 - public static final 'IS_BUILDING_NATIVE_IMAGE' 'Z' @128 
 - public static final 'IS_IN_NATIVE_IMAGE' 'Z' @129 
 - private static volatile 'savedProperties' 'Ljava/util/Map;' @112 
 - static final 'JVMCI_ENABLED' 'Z' @130 
 - private static final 'servicesCache' 'Ljava/util/Map;' @116 
 - private static final 'MAX_UNICODE_IN_UTF8_LENGTH' 'I' @120 
 - private static final 'MAX_UTF8_PROPERTY_STRING_LENGTH' 'I' @124 
 - ---- non-static fields (0 words):
 - non-static oop maps: 
stack at sp + 4 slots: 0x00007fafaeafe500 is pointing into the stack for thread: 0x00007fafc80b1c30
stack at sp + 5 slots: 0x00007fafcf1812fe: <offset 0x000000000093e2fe> in /nix/store/gpxl5qgg8kicmcvivwmybwjlpf7wh20l-graalvm17-ce-22.3.0/lib/server/libjvm.so at 0x00007fafce843000
stack at sp + 6 slots: 0x00007fafaeafe3e0 is pointing into the stack for thread: 0x00007fafc80b1c30
stack at sp + 7 slots: 0x00007fafaeafe440 is pointing into the stack for thread: 0x00007fafc80b1c30


---------------  P R O C E S S  ---------------

Threads class SMR info:
_java_thread_list=0x00007faf1c000b70, length=25, elements={
0x00007fafc8025f80, 0x00007fafc80a5f20, 0x00007fafc80a7360, 0x00007fafc80adaa0,
0x00007fafc80aee50, 0x00007fafc80b0240, 0x00007fafc80b1c30, 0x00007fafc80b3140,
0x00007fafc80b4590, 0x00007fafc80df360, 0x00007fafc8127a60, 0x00007fafc834bb00,
0x00007fafc837fa20, 0x00007fafc83818b0, 0x00007fafc80d0670, 0x00007faf5c01a780,
0x00007faf5c2a2a10, 0x00007faf5c31d270, 0x00007faf500010d0, 0x00007faf5c497270,
0x00007faf5c6079e0, 0x00007fafc8303f20, 0x00007fafc83d4f60, 0x00007faf38000ff0,
0x00007faf2c43af30
}

Java Threads: ( => current thread )
  0x00007fafc8025f80 JavaThread "main" [_thread_blocked, id=53, stack(0x00007fafce65e000,0x00007fafce75e000)]
  0x00007fafc80a5f20 JavaThread "Reference Handler" daemon [_thread_blocked, id=56, stack(0x00007fafcc675000,0x00007fafcc775000)]
  0x00007fafc80a7360 JavaThread "Finalizer" daemon [_thread_blocked, id=57, stack(0x00007fafcc575000,0x00007fafcc675000)]
  0x00007fafc80adaa0 JavaThread "Signal Dispatcher" daemon [_thread_blocked, id=58, stack(0x00007fafcc18f000,0x00007fafcc28f000)]
  0x00007fafc80aee50 JavaThread "Service Thread" daemon [_thread_blocked, id=59, stack(0x00007fafcc08f000,0x00007fafcc18f000)]
  0x00007fafc80b0240 JavaThread "Monitor Deflation Thread" daemon [_thread_blocked, id=60, stack(0x00007fafaeb00000,0x00007fafaec00000)]
=>0x00007fafc80b1c30 JavaThread "JVMCI-native CompilerThread0" daemon [_thread_in_vm, id=61, stack(0x00007fafae900000,0x00007fafaeb00000)]
  0x00007fafc80b3140 JavaThread "C1 CompilerThread0" daemon [_thread_blocked, id=62, stack(0x00007fafae700000,0x00007fafae900000)]
  0x00007fafc80b4590 JavaThread "Sweeper thread" daemon [_thread_blocked, id=63, stack(0x00007fafae600000,0x00007fafae700000)]
  0x00007fafc80df360 JavaThread "Common-Cleaner" daemon [_thread_blocked, id=66, stack(0x00007fafae500000,0x00007fafae600000)]
  0x00007fafc8127a60 JavaThread "Notification Thread" daemon [_thread_blocked, id=68, stack(0x00007fafae400000,0x00007fafae500000)]
  0x00007fafc834bb00 JavaThread "Active Thread: Equinox Container: f88f346f-82eb-447e-bccd-d83317a87156" [_thread_blocked, id=96, stack(0x00007fafad000000,0x00007fafad100000)]
  0x00007fafc837fa20 JavaThread "Framework Event Dispatcher: Equinox Container: f88f346f-82eb-447e-bccd-d83317a87156" daemon [_thread_blocked, id=99, stack(0x00007faface00000,0x00007fafacf00000)]
  0x00007fafc83818b0 JavaThread "Start Level: Equinox Container: f88f346f-82eb-447e-bccd-d83317a87156" daemon [_thread_blocked, id=100, stack(0x00007fafacc00000,0x00007fafacd00000)]
  0x00007fafc80d0670 JavaThread "Refresh Thread: Equinox Container: f88f346f-82eb-447e-bccd-d83317a87156" daemon [_thread_blocked, id=110, stack(0x00007fafaca00000,0x00007fafacb00000)]
  0x00007faf5c01a780 JavaThread "SCR Component Actor" daemon [_thread_blocked, id=121, stack(0x00007fafac800000,0x00007fafac900000)]
  0x00007faf5c2a2a10 JavaThread "Worker-JM" [_thread_blocked, id=139, stack(0x00007fafac400000,0x00007fafac500000)]
  0x00007faf5c31d270 JavaThread "Worker-0" [_thread_blocked, id=140, stack(0x00007fafac200000,0x00007fafac300000)]
  0x00007faf500010d0 JavaThread "Worker-1: Java indexing... " [_thread_blocked, id=141, stack(0x00007fafac000000,0x00007fafac100000)]
  0x00007faf5c497270 JavaThread "Java indexing" daemon [_thread_blocked, id=142, stack(0x00007faf75b00000,0x00007faf75c00000)]
  0x00007faf5c6079e0 JavaThread "Bundle File Closer" daemon [_thread_blocked, id=153, stack(0x00007faf75900000,0x00007faf75a00000)]
  0x00007fafc8303f20 JavaThread "pool-3-thread-1" [_thread_blocked, id=155, stack(0x00007faf75700000,0x00007faf75800000)]
  0x00007fafc83d4f60 JavaThread "pool-2-thread-1" [_thread_in_native, id=166, stack(0x00007faf75500000,0x00007faf75600000)]
  0x00007faf38000ff0 JavaThread "Worker-4" [_thread_blocked, id=168, stack(0x00007faf75300000,0x00007faf75400000)]
  0x00007faf2c43af30 JavaThread "Okio Watchdog" daemon [_thread_blocked, id=285, stack(0x00007faf75200000,0x00007faf75300000)]

Other Threads:
  0x00007fafc80a1660 VMThread "VM Thread" [stack: 0x00007fafcc777000,0x00007fafcc877000] [id=55] _threads_hazard_ptr=0x00007faf1c000b70
  0x00007fafc8129400 WatcherThread [stack: 0x00007fafae300000,0x00007fafae400000] [id=69]
  0x00007fafc803d880 GCTaskThread "GC Thread#0" [stack: 0x00007fafce221000,0x00007fafce321000] [id=54]

Threads with active compile tasks:
JVMCI-native CompilerThread0   953905 9660       4       java.lang.AbstractStringBuilder::append (63 bytes)

VM state: synchronizing (normal execution)

VM Mutex/Monitor currently owned by a thread:  ([mutex/lock_event])
[0x00007fafc8023130] Threads_lock - owner thread: 0x00007fafc80a1660
[0x00007fafc80238e0] Heap_lock - owner thread: 0x00007faf500010d0

OutOfMemory and StackOverflow Exception counts:
OutOfMemoryError java_heap_errors=1
LinkageErrors=70

Heap address: 0x00000000e0000000, size: 512 MB, Compressed Oops mode: 32-bit

CDS archive(s) mapped at: [0x0000000800000000-0x0000000800bc8000-0x0000000800bc8000), size 12353536, SharedBaseAddress: 0x0000000800000000, ArchiveRelocationMode: 0.
Compressed class space mapped at: 0x0000000800c00000-0x0000000840c00000, reserved size: 1073741824
Narrow klass base: 0x0000000800000000, Narrow klass shift: 0, Narrow klass range: 0x100000000

GC Precious Log:
 CPUs: 8 total, 1 available
 Memory: 1024M
 Large Page Support: Disabled
 NUMA Support: Disabled
 Compressed Oops: Enabled (32-bit)
 Alignments: Space 512K, Generation 512K, Heap 2M
 Heap Min Capacity: 100M
 Heap Initial Capacity: 100M
 Heap Max Capacity: 512M
 Pre-touch: Disabled
 Parallel Workers: 1

Heap:
 PSYoungGen      total 57856K, used 37887K [0x00000000f5580000, 0x00000000fa800000, 0x0000000100000000)
  eden space 37888K, 99% used [0x00000000f5580000,0x00000000f7a7fff0,0x00000000f7a80000)
  from space 19968K, 0% used [0x00000000f9480000,0x00000000f9480000,0x00000000fa800000)
  to   space 15360K, 0% used [0x00000000f7a80000,0x00000000f7a80000,0x00000000f8980000)
 ParOldGen       total 349696K, used 349695K [0x00000000e0000000, 0x00000000f5580000, 0x00000000f5580000)
  object space 349696K, 99% used [0x00000000e0000000,0x00000000f557ffc8,0x00000000f5580000)
 Metaspace       used 60712K, committed 61824K, reserved 1105920K
  class space    used 5991K, committed 6400K, reserved 1048576K

Card table byte_map: [0x00007fafce321000,0x00007fafce422000] _byte_map_base: 0x00007fafcdc21000

Marking Bits: (ParMarkBitMap*) 0x00007fafcfa714c0
 Begin Bits: [0x00007fafcd174000, 0x00007fafcd974000)
 End Bits:   [0x00007fafcd974000, 0x00007fafce174000)

Polling page: 0x00007fafce63b000

Metaspace:

Usage:
  Non-class:     53.44 MB used.
      Class:      5.85 MB used.
       Both:     59.29 MB used.

Virtual space:
  Non-class space:       56.00 MB reserved,      54.12 MB ( 97%) committed,  7 nodes.
      Class space:        1.00 GB reserved,       6.25 MB ( <1%) committed,  1 nodes.
             Both:        1.05 GB reserved,      60.38 MB (  6%) committed. 

Chunk freelists:
   Non-Class:  2.06 MB
       Class:  1.69 MB
        Both:  3.75 MB

MaxMetaspaceSize: unlimited
CompressedClassSpaceSize: 1.00 GB
Initial GC threshold: 21.00 MB
Current GC threshold: 100.62 MB
CDS: on
MetaspaceReclaimPolicy: balanced
 - commit_granule_bytes: 65536.
 - commit_granule_words: 8192.
 - virtual_space_node_default_size: 1048576.
 - enlarge_chunks_in_place: 1.
 - new_chunks_are_fully_committed: 0.
 - uncommit_free_chunks: 1.
 - use_allocation_guard: 0.
 - handle_deallocations: 1.


Internal statistics:

num_allocs_failed_limit: 6.
num_arena_births: 512.
num_arena_deaths: 154.
num_vsnodes_births: 8.
num_vsnodes_deaths: 0.
num_space_committed: 964.
num_space_uncommitted: 0.
num_chunks_returned_to_freelist: 217.
num_chunks_taken_from_freelist: 2886.
num_chunk_merges: 82.
num_chunk_splits: 1883.
num_chunks_enlarged: 1180.
num_purges: 20.
num_inconsistent_stats: 0.

CodeHeap 'non-profiled nmethods': size=120036Kb used=2648Kb max_used=2648Kb free=117387Kb
 bounds [0x00007fafb6f7a000, 0x00007fafb721a000, 0x00007fafbe4b3000]
CodeHeap 'profiled nmethods': size=120032Kb used=15694Kb max_used=16282Kb free=104337Kb
 bounds [0x00007fafafa42000, 0x00007fafb0a42000, 0x00007fafb6f7a000]
CodeHeap 'non-nmethods': size=5692Kb used=1386Kb max_used=1406Kb free=4305Kb
 bounds [0x00007fafaf4b3000, 0x00007fafaf723000, 0x00007fafafa42000]
 total_blobs=7995 nmethods=7273 adapters=632
 compilation: enabled
              stopped_count=0, restarted_count=0
 full_count=0

JVMCI Events (20 events):
Event: 602.836 Thread 0x00007fafc80b1c30 releasing handles for JVMCI runtime 0: oop handles=53, metadata handles={total=96, live=81, blocks=37}
Event: 602.836 Thread 0x00007fafc80b1c30 detached from JVMCI runtime 0
Event: 771.537 Thread 0x00007fafc80b1c30 attached to JVMCI runtime 0
Event: 771.540 Thread 0x00007fafc80b1c30 created JavaVM[3]@0x00007faf74b9e340 for JVMCI runtime 0
Event: 774.353 Thread 0x00007fafc80b1c30 initializing JVMCI runtime 0
Event: 774.353 Thread 0x00007fafc80b1c30 done waiting for JavaVM references initialization in JVMCI runtime 0
Event: 801.906 Thread 0x00007fafc80b1c30 initialized JVMCI runtime 0
Event: 838.514 Thread 0x00007fafc80b1c30 compacted oop handles in JVMCI runtime 0 from 69 to 65
Event: 841.209 Thread 0x00007fafc80b1c30 compacted oop handles in JVMCI runtime 0 from 78 to 75
Event: 845.255 Thread 0x00007fafc80b1c30 detaching from JVMCI runtime 0: releasing idle compiler thread (0 other threads still attached)
Event: 845.255 Thread 0x00007fafc80b1c30 shutting down HotSpotJVMCIRuntime for JVMCI runtime 0
Event: 845.255 Thread 0x00007fafc80b1c30 shut down JVMCI runtime 0
Event: 848.906 Thread 0x00007fafc80b1c30 destroyed JavaVM[3]@0x00007faf74b9e340 for JVMCI runtime 0
Event: 848.906 Thread 0x00007fafc80b1c30 compacted oop handles in JVMCI runtime 0 from 75 to 75
Event: 848.906 Thread 0x00007fafc80b1c30 releasing handles for JVMCI runtime 0: oop handles=75, metadata handles={total=160, live=136, blocks=37}
Event: 848.906 Thread 0x00007fafc80b1c30 detached from JVMCI runtime 0
Event: 907.751 Thread 0x00007fafc80b1c30 attached to JVMCI runtime 0
Event: 907.754 Thread 0x00007fafc80b1c30 created JavaVM[4]@0x00007faf74b9e340 for JVMCI runtime 0
Event: 910.705 Thread 0x00007fafc80b1c30 initializing JVMCI runtime 0
Event: 910.705 Thread 0x00007fafc80b1c30 done waiting for JavaVM references initialization in JVMCI runtime 0

Compilation events (20 events):
Event: 635.892 Thread 0x00007fafc80b3140 nmethod 9648 0x00007fafafc5fb90 code [0x00007fafafc5fd40, 0x00007fafafc5fe90]
Event: 662.393 Thread 0x00007fafc80b3140 9649       1       org.eclipse.osgi.internal.framework.EquinoxContainer::getStorage (5 bytes)
Event: 662.393 Thread 0x00007fafc80b3140 nmethod 9649 0x00007fafb720e690 code [0x00007fafb720e820, 0x00007fafb720e8f0]
Event: 713.840 Thread 0x00007fafc80b3140 9650       3       java.util.concurrent.ThreadPoolExecutor::runStateAtLeast (11 bytes)
Event: 716.805 Thread 0x00007fafc80b3140 nmethod 9650 0x00007fafb056c290 code [0x00007fafb056c420, 0x00007fafb056c570]
Event: 737.030 Thread 0x00007fafc80b3140 9651  s!   3       org.eclipse.core.internal.jobs.WorkerPool::sleep (137 bytes)
Event: 771.536 Thread 0x00007fafc80b3140 nmethod 9651 0x00007fafb076e390 code [0x00007fafb076e600, 0x00007fafb076eed0]
Event: 771.537 Thread 0x00007fafc80b1c30 9654       4       org.eclipse.osgi.container.ModuleDatabase::readUnlock (11 bytes)
Event: 796.836 Thread 0x00007fafc80b3140 9655   !   3       java.util.concurrent.locks.AbstractQueuedSynchronizer::acquire (407 bytes)
Event: 799.325 Thread 0x00007fafc80b3140 nmethod 9655 0x00007fafb076b910 code [0x00007fafb076bc80, 0x00007fafb076daa0]
Event: 838.514 Thread 0x00007fafc80b1c30 nmethod 9654 0x00007fafb720ed10 code [0x00007fafb720eec0, 0x00007fafb720f1e0]
Event: 838.514 Thread 0x00007fafc80b1c30 9653       4       org.eclipse.osgi.container.ModuleDatabase::readLock (11 bytes)
Event: 841.209 Thread 0x00007fafc80b1c30 nmethod 9653 0x00007fafb720f490 code [0x00007fafb720f680, 0x00007fafb720fb60]
Event: 841.211 Thread 0x00007fafc80b1c30 9656       4       java.lang.Thread::interrupted (23 bytes)
Event: 841.213 Thread 0x00007fafc80b1c30 nmethod 9656 0x00007fafb720ff90 code [0x00007fafb7210120, 0x00007fafb72101b0]
Event: 845.268 Thread 0x00007fafc80b3140 9657       3       jdk.internal.misc.Unsafe::putIntOpaque (9 bytes)
Event: 848.906 Thread 0x00007fafc80b3140 nmethod 9657 0x00007fafb056bf10 code [0x00007fafb056c0a0, 0x00007fafb056c1b0]
Event: 868.190 Thread 0x00007fafc80b3140 9659       3       java.util.concurrent.ScheduledThreadPoolExecutor::canRunInCurrentRunState (61 bytes)
Event: 875.894 Thread 0x00007fafc80b3140 nmethod 9659 0x00007fafb076aa10 code [0x00007fafb076ac20, 0x00007fafb076b6c0]
Event: 907.751 Thread 0x00007fafc80b1c30 9660       4       java.lang.AbstractStringBuilder::append (63 bytes)

GC Heap History (20 events):
Event: 925.973 GC heap before
{Heap before GC invocations=385 (full 301):
 PSYoungGen      total 57856K, used 37888K [0x00000000f5580000, 0x00000000fa800000, 0x0000000100000000)
  eden space 37888K, 100% used [0x00000000f5580000,0x00000000f7a80000,0x00000000f7a80000)
  from space 19968K, 0% used [0x00000000f9480000,0x00000000f9480000,0x00000000fa800000)
  to   space 15360K, 0% used [0x00000000f7a80000,0x00000000f7a80000,0x00000000f8980000)
 ParOldGen       total 349696K, used 349689K [0x00000000e0000000, 0x00000000f5580000, 0x00000000f5580000)
  object space 349696K, 99% used [0x00000000e0000000,0x00000000f557e7c8,0x00000000f5580000)
 Metaspace       used 60712K, committed 61824K, reserved 1105920K
  class space    used 5991K, committed 6400K, reserved 1048576K
}
Event: 928.522 GC heap after
{Heap after GC invocations=385 (full 301):
 PSYoungGen      total 53248K, used 37887K [0x00000000f5580000, 0x00000000fa800000, 0x0000000100000000)
  eden space 37888K, 99% used [0x00000000f5580000,0x00000000f7a7ffd0,0x00000000f7a80000)
  from space 15360K, 0% used [0x00000000f7a80000,0x00000000f7a80000,0x00000000f8980000)
  to   space 19968K, 0% used [0x00000000f9480000,0x00000000f9480000,0x00000000fa800000)
 ParOldGen       total 349696K, used 349689K [0x00000000e0000000, 0x00000000f5580000, 0x00000000f5580000)
  object space 349696K, 99% used [0x00000000e0000000,0x00000000f557e7c8,0x00000000f5580000)
 Metaspace       used 60712K, committed 61824K, reserved 1105920K
  class space    used 5991K, committed 6400K, reserved 1048576K
}
Event: 928.523 GC heap before
{Heap before GC invocations=386 (full 302):
 PSYoungGen      total 53248K, used 37888K [0x00000000f5580000, 0x00000000fa800000, 0x0000000100000000)
  eden space 37888K, 100% used [0x00000000f5580000,0x00000000f7a80000,0x00000000f7a80000)
  from space 15360K, 0% used [0x00000000f7a80000,0x00000000f7a80000,0x00000000f8980000)
  to   space 19968K, 0% used [0x00000000f9480000,0x00000000f9480000,0x00000000fa800000)
 ParOldGen       total 349696K, used 349689K [0x00000000e0000000, 0x00000000f5580000, 0x00000000f5580000)
  object space 349696K, 99% used [0x00000000e0000000,0x00000000f557e7c8,0x00000000f5580000)
 Metaspace       used 60712K, committed 61824K, reserved 1105920K
  class space    used 5991K, committed 6400K, reserved 1048576K
}
Event: 931.249 GC heap after
{Heap after GC invocations=386 (full 302):
 PSYoungGen      total 57856K, used 37887K [0x00000000f5580000, 0x00000000fa800000, 0x0000000100000000)
  eden space 37888K, 99% used [0x00000000f5580000,0x00000000f7a7ffd0,0x00000000f7a80000)
  from space 19968K, 0% used [0x00000000f9480000,0x00000000f9480000,0x00000000fa800000)
  to   space 15360K, 0% used [0x00000000f7a80000,0x00000000f7a80000,0x00000000f8980000)
 ParOldGen       total 349696K, used 349689K [0x00000000e0000000, 0x00000000f5580000, 0x00000000f5580000)
  object space 349696K, 99% used [0x00000000e0000000,0x00000000f557e7c8,0x00000000f5580000)
 Metaspace       used 60712K, committed 61824K, reserved 1105920K
  class space    used 5991K, committed 6400K, reserved 1048576K
}
Event: 931.249 GC heap before
{Heap before GC invocations=387 (full 303):
 PSYoungGen      total 57856K, used 37888K [0x00000000f5580000, 0x00000000fa800000, 0x0000000100000000)
  eden space 37888K, 100% used [0x00000000f5580000,0x00000000f7a80000,0x00000000f7a80000)
  from space 19968K, 0% used [0x00000000f9480000,0x00000000f9480000,0x00000000fa800000)
  to   space 15360K, 0% used [0x00000000f7a80000,0x00000000f7a80000,0x00000000f8980000)
 ParOldGen       total 349696K, used 349689K [0x00000000e0000000, 0x00000000f5580000, 0x00000000f5580000)
  object space 349696K, 99% used [0x00000000e0000000,0x00000000f557e7c8,0x00000000f5580000)
 Metaspace       used 60712K, committed 61824K, reserved 1105920K
  class space    used 5991K, committed 6400K, reserved 1048576K
}
Event: 934.121 GC heap after
{Heap after GC invocations=387 (full 303):
 PSYoungGen      total 53248K, used 37887K [0x00000000f5580000, 0x00000000fa800000, 0x0000000100000000)
  eden space 37888K, 99% used [0x00000000f5580000,0x00000000f7a7ffd0,0x00000000f7a80000)
  from space 15360K, 0% used [0x00000000f7a80000,0x00000000f7a80000,0x00000000f8980000)
  to   space 19968K, 0% used [0x00000000f9480000,0x00000000f9480000,0x00000000fa800000)
 ParOldGen       total 349696K, used 349689K [0x00000000e0000000, 0x00000000f5580000, 0x00000000f5580000)
  object space 349696K, 99% used [0x00000000e0000000,0x00000000f557e7a8,0x00000000f5580000)
 Metaspace       used 60712K, committed 61824K, reserved 1105920K
  class space    used 5991K, committed 6400K, reserved 1048576K
}
Event: 934.121 GC heap before
{Heap before GC invocations=388 (full 304):
 PSYoungGen      total 53248K, used 37888K [0x00000000f5580000, 0x00000000fa800000, 0x0000000100000000)
  eden space 37888K, 100% used [0x00000000f5580000,0x00000000f7a80000,0x00000000f7a80000)
  from space 15360K, 0% used [0x00000000f7a80000,0x00000000f7a80000,0x00000000f8980000)
  to   space 19968K, 0% used [0x00000000f9480000,0x00000000f9480000,0x00000000fa800000)
 ParOldGen       total 349696K, used 349689K [0x00000000e0000000, 0x00000000f5580000, 0x00000000f5580000)
  object space 349696K, 99% used [0x00000000e0000000,0x00000000f557e7a8,0x00000000f5580000)
 Metaspace       used 60712K, committed 61824K, reserved 1105920K
  class space    used 5991K, committed 6400K, reserved 1048576K
}
Event: 936.846 GC heap after
{Heap after GC invocations=388 (full 304):
 PSYoungGen      total 57856K, used 37887K [0x00000000f5580000, 0x00000000fa800000, 0x0000000100000000)
  eden space 37888K, 99% used [0x00000000f5580000,0x00000000f7a7ffd0,0x00000000f7a80000)
  from space 19968K, 0% used [0x00000000f9480000,0x00000000f9480000,0x00000000fa800000)
  to   space 15360K, 0% used [0x00000000f7a80000,0x00000000f7a80000,0x00000000f8980000)
 ParOldGen       total 349696K, used 349689K [0x00000000e0000000, 0x00000000f5580000, 0x00000000f5580000)
  object space 349696K, 99% used [0x00000000e0000000,0x00000000f557e7a8,0x00000000f5580000)
 Metaspace       used 60712K, committed 61824K, reserved 1105920K
  class space    used 5991K, committed 6400K, reserved 1048576K
}
Event: 936.846 GC heap before
{Heap before GC invocations=389 (full 305):
 PSYoungGen      total 57856K, used 37888K [0x00000000f5580000, 0x00000000fa800000, 0x0000000100000000)
  eden space 37888K, 100% used [0x00000000f5580000,0x00000000f7a80000,0x00000000f7a80000)
  from space 19968K, 0% used [0x00000000f9480000,0x00000000f9480000,0x00000000fa800000)
  to   space 15360K, 0% used [0x00000000f7a80000,0x00000000f7a80000,0x00000000f8980000)
 ParOldGen       total 349696K, used 349689K [0x00000000e0000000, 0x00000000f5580000, 0x00000000f5580000)
  object space 349696K, 99% used [0x00000000e0000000,0x00000000f557e7a8,0x00000000f5580000)
 Metaspace       used 60712K, committed 61824K, reserved 1105920K
  class space    used 5991K, committed 6400K, reserved 1048576K
}
Event: 939.603 GC heap after
{Heap after GC invocations=389 (full 305):
 PSYoungGen      total 53248K, used 37887K [0x00000000f5580000, 0x00000000fa800000, 0x0000000100000000)
  eden space 37888K, 99% used [0x00000000f5580000,0x00000000f7a7fff0,0x00000000f7a80000)
  from space 15360K, 0% used [0x00000000f7a80000,0x00000000f7a80000,0x00000000f8980000)
  to   space 19968K, 0% used [0x00000000f9480000,0x00000000f9480000,0x00000000fa800000)
 ParOldGen       total 349696K, used 349689K [0x00000000e0000000, 0x00000000f5580000, 0x00000000f5580000)
  object space 349696K, 99% used [0x00000000e0000000,0x00000000f557e7a8,0x00000000f5580000)
 Metaspace       used 60712K, committed 61824K, reserved 1105920K
  class space    used 5991K, committed 6400K, reserved 1048576K
}
Event: 939.604 GC heap before
{Heap before GC invocations=390 (full 306):
 PSYoungGen      total 53248K, used 37888K [0x00000000f5580000, 0x00000000fa800000, 0x0000000100000000)
  eden space 37888K, 100% used [0x00000000f5580000,0x00000000f7a80000,0x00000000f7a80000)
  from space 15360K, 0% used [0x00000000f7a80000,0x00000000f7a80000,0x00000000f8980000)
  to   space 19968K, 0% used [0x00000000f9480000,0x00000000f9480000,0x00000000fa800000)
 ParOldGen       total 349696K, used 349689K [0x00000000e0000000, 0x00000000f5580000, 0x00000000f5580000)
  object space 349696K, 99% used [0x00000000e0000000,0x00000000f557e7a8,0x00000000f5580000)
 Metaspace       used 60712K, committed 61824K, reserved 1105920K
  class space    used 5991K, committed 6400K, reserved 1048576K
}
Event: 942.212 GC heap after
{Heap after GC invocations=390 (full 306):
 PSYoungGen      total 57856K, used 37887K [0x00000000f5580000, 0x00000000fa800000, 0x0000000100000000)
  eden space 37888K, 99% used [0x00000000f5580000,0x00000000f7a7fff0,0x00000000f7a80000)
  from space 19968K, 0% used [0x00000000f9480000,0x00000000f9480000,0x00000000fa800000)
  to   space 15360K, 0% used [0x00000000f7a80000,0x00000000f7a80000,0x00000000f8980000)
 ParOldGen       total 349696K, used 349689K [0x00000000e0000000, 0x00000000f5580000, 0x00000000f5580000)
  object space 349696K, 99% used [0x00000000e0000000,0x00000000f557e788,0x00000000f5580000)
 Metaspace       used 60712K, committed 61824K, reserved 1105920K
  class space    used 5991K, committed 6400K, reserved 1048576K
}
Event: 942.213 GC heap before
{Heap before GC invocations=391 (full 307):
 PSYoungGen      total 57856K, used 37888K [0x00000000f5580000, 0x00000000fa800000, 0x0000000100000000)
  eden space 37888K, 100% used [0x00000000f5580000,0x00000000f7a80000,0x00000000f7a80000)
  from space 19968K, 0% used [0x00000000f9480000,0x00000000f9480000,0x00000000fa800000)
  to   space 15360K, 0% used [0x00000000f7a80000,0x00000000f7a80000,0x00000000f8980000)
 ParOldGen       total 349696K, used 349694K [0x00000000e0000000, 0x00000000f5580000, 0x00000000f5580000)
  object space 349696K, 99% used [0x00000000e0000000,0x00000000f557fb00,0x00000000f5580000)
 Metaspace       used 60712K, committed 61824K, reserved 1105920K
  class space    used 5991K, committed 6400K, reserved 1048576K
}
Event: 945.321 GC heap after
{Heap after GC invocations=391 (full 307):
 PSYoungGen      total 53248K, used 37887K [0x00000000f5580000, 0x00000000fa800000, 0x0000000100000000)
  eden space 37888K, 99% used [0x00000000f5580000,0x00000000f7a7ff40,0x00000000f7a80000)
  from space 15360K, 0% used [0x00000000f7a80000,0x00000000f7a80000,0x00000000f8980000)
  to   space 19968K, 0% used [0x00000000f9480000,0x00000000f9480000,0x00000000fa800000)
 ParOldGen       total 349696K, used 349694K [0x00000000e0000000, 0x00000000f5580000, 0x00000000f5580000)
  object space 349696K, 99% used [0x00000000e0000000,0x00000000f557fa08,0x00000000f5580000)
 Metaspace       used 60712K, committed 61824K, reserved 1105920K
  class space    used 5991K, committed 6400K, reserved 1048576K
}
Event: 945.321 GC heap before
{Heap before GC invocations=392 (full 308):
 PSYoungGen      total 53248K, used 37887K [0x00000000f5580000, 0x00000000fa800000, 0x0000000100000000)
  eden space 37888K, 99% used [0x00000000f5580000,0x00000000f7a7ffa0,0x00000000f7a80000)
  from space 15360K, 0% used [0x00000000f7a80000,0x00000000f7a80000,0x00000000f8980000)
  to   space 19968K, 0% used [0x00000000f9480000,0x00000000f9480000,0x00000000fa800000)
 ParOldGen       total 349696K, used 349694K [0x00000000e0000000, 0x00000000f5580000, 0x00000000f5580000)
  object space 349696K, 99% used [0x00000000e0000000,0x00000000f557fa08,0x00000000f5580000)
 Metaspace       used 60712K, committed 61824K, reserved 1105920K
  class space    used 5991K, committed 6400K, reserved 1048576K
}
Event: 948.246 GC heap after
{Heap after GC invocations=392 (full 308):
 PSYoungGen      total 57856K, used 37887K [0x00000000f5580000, 0x00000000fa800000, 0x0000000100000000)
  eden space 37888K, 99% used [0x00000000f5580000,0x00000000f7a7ff50,0x00000000f7a80000)
  from space 19968K, 0% used [0x00000000f9480000,0x00000000f9480000,0x00000000fa800000)
  to   space 15360K, 0% used [0x00000000f7a80000,0x00000000f7a80000,0x00000000f8980000)
 ParOldGen       total 349696K, used 349694K [0x00000000e0000000, 0x00000000f5580000, 0x00000000f5580000)
  object space 349696K, 99% used [0x00000000e0000000,0x00000000f557fa08,0x00000000f5580000)
 Metaspace       used 60712K, committed 61824K, reserved 1105920K
  class space    used 5991K, committed 6400K, reserved 1048576K
}
Event: 948.251 GC heap before
{Heap before GC invocations=393 (full 309):
 PSYoungGen      total 57856K, used 37888K [0x00000000f5580000, 0x00000000fa800000, 0x0000000100000000)
  eden space 37888K, 100% used [0x00000000f5580000,0x00000000f7a80000,0x00000000f7a80000)
  from space 19968K, 0% used [0x00000000f9480000,0x00000000f9480000,0x00000000fa800000)
  to   space 15360K, 0% used [0x00000000f7a80000,0x00000000f7a80000,0x00000000f8980000)
 ParOldGen       total 349696K, used 349695K [0x00000000e0000000, 0x00000000f5580000, 0x00000000f5580000)
  object space 349696K, 99% used [0x00000000e0000000,0x00000000f557ffa0,0x00000000f5580000)
 Metaspace       used 60712K, committed 61824K, reserved 1105920K
  class space    used 5991K, committed 6400K, reserved 1048576K
}
Event: 951.094 GC heap after
{Heap after GC invocations=393 (full 309):
 PSYoungGen      total 53248K, used 37887K [0x00000000f5580000, 0x00000000fa800000, 0x0000000100000000)
  eden space 37888K, 99% used [0x00000000f5580000,0x00000000f7a7ff40,0x00000000f7a80000)
  from space 15360K, 0% used [0x00000000f7a80000,0x00000000f7a80000,0x00000000f8980000)
  to   space 19968K, 0% used [0x00000000f9480000,0x00000000f9480000,0x00000000fa800000)
 ParOldGen       total 349696K, used 349695K [0x00000000e0000000, 0x00000000f5580000, 0x00000000f5580000)
  object space 349696K, 99% used [0x00000000e0000000,0x00000000f557fc88,0x00000000f5580000)
 Metaspace       used 60712K, committed 61824K, reserved 1105920K
  class space    used 5991K, committed 6400K, reserved 1048576K
}
Event: 951.094 GC heap before
{Heap before GC invocations=394 (full 310):
 PSYoungGen      total 53248K, used 37887K [0x00000000f5580000, 0x00000000fa800000, 0x0000000100000000)
  eden space 37888K, 99% used [0x00000000f5580000,0x00000000f7a7ff40,0x00000000f7a80000)
  from space 15360K, 0% used [0x00000000f7a80000,0x00000000f7a80000,0x00000000f8980000)
  to   space 19968K, 0% used [0x00000000f9480000,0x00000000f9480000,0x00000000fa800000)
 ParOldGen       total 349696K, used 349695K [0x00000000e0000000, 0x00000000f5580000, 0x00000000f5580000)
  object space 349696K, 99% used [0x00000000e0000000,0x00000000f557fc88,0x00000000f5580000)
 Metaspace       used 60712K, committed 61824K, reserved 1105920K
  class space    used 5991K, committed 6400K, reserved 1048576K
}
Event: 953.725 GC heap after
{Heap after GC invocations=394 (full 310):
 PSYoungGen      total 57856K, used 37887K [0x00000000f5580000, 0x00000000fa800000, 0x0000000100000000)
  eden space 37888K, 99% used [0x00000000f5580000,0x00000000f7a7ff40,0x00000000f7a80000)
  from space 19968K, 0% used [0x00000000f9480000,0x00000000f9480000,0x00000000fa800000)
  to   space 15360K, 0% used [0x00000000f7a80000,0x00000000f7a80000,0x00000000f8980000)
 ParOldGen       total 349696K, used 349695K [0x00000000e0000000, 0x00000000f5580000, 0x00000000f5580000)
  object space 349696K, 99% used [0x00000000e0000000,0x00000000f557fc88,0x00000000f5580000)
 Metaspace       used 60712K, committed 61824K, reserved 1105920K
  class space    used 5991K, committed 6400K, reserved 1048576K
}

Dll operation events (9 events):
Event: 0.008 Loaded shared library /nix/store/gpxl5qgg8kicmcvivwmybwjlpf7wh20l-graalvm17-ce-22.3.0/lib/libjava.so
Event: 0.051 Loaded shared library /nix/store/gpxl5qgg8kicmcvivwmybwjlpf7wh20l-graalvm17-ce-22.3.0/lib/libjsvml.so
Event: 0.422 Loaded shared library /nix/store/gpxl5qgg8kicmcvivwmybwjlpf7wh20l-graalvm17-ce-22.3.0/lib/libnio.so
Event: 0.443 Loaded shared library /nix/store/gpxl5qgg8kicmcvivwmybwjlpf7wh20l-graalvm17-ce-22.3.0/lib/libjvmcicompiler.so
Event: 0.491 Loaded shared library /nix/store/gpxl5qgg8kicmcvivwmybwjlpf7wh20l-graalvm17-ce-22.3.0/lib/libzip.so
Event: 1.193 Loaded shared library /nix/store/gpxl5qgg8kicmcvivwmybwjlpf7wh20l-graalvm17-ce-22.3.0/lib/libjimage.so
Event: 2.010 Loaded shared library /nix/store/gpxl5qgg8kicmcvivwmybwjlpf7wh20l-graalvm17-ce-22.3.0/lib/libnet.so
Event: 7.605 Loaded shared library /home/runner/.cache/jdt-language-server/config/org.eclipse.equinox.launcher/org.eclipse.equinox.launcher.gtk.linux.x86_64_1.2.400.v20211117-0650/eclipse_11600.so
Event: 22.698 Loaded shared library /nix/store/gpxl5qgg8kicmcvivwmybwjlpf7wh20l-graalvm17-ce-22.3.0/lib/libextnet.so

Deoptimization events (20 events):
Event: 104.016 Thread 0x00007faf5c497270 DEOPT PACKING pc=0x00007fafb05757dd sp=0x00007faf75bfe530
Event: 104.016 Thread 0x00007faf5c497270 DEOPT UNPACKING pc=0x00007fafaf505325 sp=0x00007faf75bfda20 mode 0
Event: 104.027 Thread 0x00007faf5c497270 DEOPT PACKING pc=0x00007fafb05757dd sp=0x00007faf75bfe530
Event: 104.027 Thread 0x00007faf5c497270 DEOPT UNPACKING pc=0x00007fafaf505325 sp=0x00007faf75bfda20 mode 0
Event: 104.090 Thread 0x00007faf5c497270 DEOPT PACKING pc=0x00007fafb05757dd sp=0x00007faf75bfe530
Event: 104.090 Thread 0x00007faf5c497270 DEOPT UNPACKING pc=0x00007fafaf505325 sp=0x00007faf75bfda20 mode 0
Event: 104.094 Thread 0x00007faf5c497270 DEOPT PACKING pc=0x00007fafb05757dd sp=0x00007faf75bfe530
Event: 104.094 Thread 0x00007faf5c497270 DEOPT UNPACKING pc=0x00007fafaf505325 sp=0x00007faf75bfda20 mode 0
Event: 104.097 Thread 0x00007faf5c497270 DEOPT PACKING pc=0x00007fafb05757dd sp=0x00007faf75bfe530
Event: 104.097 Thread 0x00007faf5c497270 DEOPT UNPACKING pc=0x00007fafaf505325 sp=0x00007faf75bfda20 mode 0
Event: 104.113 Thread 0x00007faf5c497270 DEOPT PACKING pc=0x00007fafb05757dd sp=0x00007faf75bfe530
Event: 104.113 Thread 0x00007faf5c497270 DEOPT UNPACKING pc=0x00007fafaf505325 sp=0x00007faf75bfda20 mode 0
Event: 104.116 Thread 0x00007faf5c497270 DEOPT PACKING pc=0x00007fafb05757dd sp=0x00007faf75bfe530
Event: 104.116 Thread 0x00007faf5c497270 DEOPT UNPACKING pc=0x00007fafaf505325 sp=0x00007faf75bfda20 mode 0
Event: 104.126 Thread 0x00007faf5c497270 DEOPT PACKING pc=0x00007fafb05757dd sp=0x00007faf75bfe530
Event: 104.126 Thread 0x00007faf5c497270 DEOPT UNPACKING pc=0x00007fafaf505325 sp=0x00007faf75bfda20 mode 0
Event: 104.196 Thread 0x00007faf5c497270 DEOPT PACKING pc=0x00007fafb05757dd sp=0x00007faf75bfe530
Event: 104.196 Thread 0x00007faf5c497270 DEOPT UNPACKING pc=0x00007fafaf505325 sp=0x00007faf75bfda20 mode 0
Event: 104.206 Thread 0x00007faf5c497270 DEOPT PACKING pc=0x00007fafb05757dd sp=0x00007faf75bfe530
Event: 104.206 Thread 0x00007faf5c497270 DEOPT UNPACKING pc=0x00007fafaf505325 sp=0x00007faf75bfda20 mode 0

Classes unloaded (20 events):
Event: 197.719 Thread 0x00007fafc80a1660 Unloading class 0x0000000801144000 'jdk/internal/reflect/GeneratedSerializationConstructorAccessor15'
Event: 197.719 Thread 0x00007fafc80a1660 Unloading class 0x0000000801139800 'jdk/internal/reflect/GeneratedConstructorAccessor38'
Event: 197.719 Thread 0x00007fafc80a1660 Unloading class 0x0000000801139400 'jdk/internal/reflect/GeneratedSerializationConstructorAccessor14'
Event: 197.719 Thread 0x00007fafc80a1660 Unloading class 0x0000000801139000 'jdk/internal/reflect/GeneratedSerializationConstructorAccessor13'
Event: 197.719 Thread 0x00007fafc80a1660 Unloading class 0x0000000801138c00 'jdk/internal/reflect/GeneratedSerializationConstructorAccessor12'
Event: 197.719 Thread 0x00007fafc80a1660 Unloading class 0x0000000801138800 'jdk/internal/reflect/GeneratedMethodAccessor12'
Event: 197.719 Thread 0x00007fafc80a1660 Unloading class 0x0000000801138000 'jdk/internal/reflect/GeneratedSerializationConstructorAccessor11'
Event: 197.719 Thread 0x00007fafc80a1660 Unloading class 0x0000000801135c00 'jdk/internal/reflect/GeneratedSerializationConstructorAccessor10'
Event: 197.719 Thread 0x00007fafc80a1660 Unloading class 0x0000000801135800 'jdk/internal/reflect/GeneratedSerializationConstructorAccessor9'
Event: 197.719 Thread 0x00007fafc80a1660 Unloading class 0x0000000801135400 'jdk/internal/reflect/GeneratedSerializationConstructorAccessor8'
Event: 197.719 Thread 0x00007fafc80a1660 Unloading class 0x00000008010d8000 'jdk/internal/reflect/GeneratedSerializationConstructorAccessor3'
Event: 197.719 Thread 0x00007fafc80a1660 Unloading class 0x00000008010a2400 'jdk/internal/reflect/GeneratedSerializationConstructorAccessor2'
Event: 197.719 Thread 0x00007fafc80a1660 Unloading class 0x00000008010a2000 'jdk/internal/reflect/GeneratedSerializationConstructorAccessor1'
Event: 209.907 Thread 0x00007fafc80a1660 Unloading class 0x00000008010fcc00 'jdk/internal/reflect/GeneratedMethodAccessor10'
Event: 209.907 Thread 0x00007fafc80a1660 Unloading class 0x00000008010fc800 'jdk/internal/reflect/GeneratedMethodAccessor9'
Event: 209.907 Thread 0x00007fafc80a1660 Unloading class 0x00000008010fc400 'jdk/internal/reflect/GeneratedMethodAccessor8'
Event: 209.907 Thread 0x00007fafc80a1660 Unloading class 0x00000008010fc000 'jdk/internal/reflect/GeneratedMethodAccessor7'
Event: 212.852 Thread 0x00007fafc80a1660 Unloading class 0x0000000801135000 'jdk/internal/reflect/GeneratedConstructorAccessor37'
Event: 222.126 Thread 0x00007fafc80a1660 Unloading class 0x0000000801250800 'jdk/internal/reflect/GeneratedConstructorAccessor40'
Event: 222.126 Thread 0x00007fafc80a1660 Unloading class 0x0000000801138400 'jdk/internal/reflect/GeneratedMethodAccessor11'

Classes redefined (0 events):
No events

Internal exceptions (20 events):
Event: 67.700 Thread 0x00007faf58001560 Implicit null exception at 0x00007fafb70ced42 to 0x00007fafb70cf2b5
Event: 71.894 Thread 0x00007fafc83d4f60 Implicit null exception at 0x00007fafb717e54f to 0x00007fafb717ebb8
Event: 72.006 Thread 0x00007faf5c31d270 Exception <a 'java/lang/NoSuchMethodError'{0x00000000f6996200}: 'java.lang.Object java.lang.invoke.DirectMethodHandle$Holder.invokeStatic(java.lang.Object, java.lang.Object, java.lang.Object, long)'> (0x00000000f6996200) 
thrown [src/hotspot/share/interpreter/linkResolver.cpp, line 758]
Event: 72.007 Thread 0x00007faf5c31d270 Exception <a 'java/lang/NoSuchMethodError'{0x00000000f699d8f8}: 'java.lang.Object java.lang.invoke.DirectMethodHandle$Holder.newInvokeSpecial(java.lang.Object, java.lang.Object, java.lang.Object, long)'> (0x00000000f699d8f8) 
thrown [src/hotspot/share/interpreter/linkResolver.cpp, line 758]
Event: 72.090 Thread 0x00007faf5c31d270 Exception <a 'java/lang/NoSuchMethodError'{0x00000000f69a1a10}: 'java.lang.Object java.lang.invoke.DirectMethodHandle$Holder.invokeSpecial(java.lang.Object, java.lang.Object, java.lang.Object, java.lang.Object, long)'> (0x00000000f69a1a10) 
thrown [src/hotspot/share/interpreter/linkResolver.cpp, line 758]
Event: 72.093 Thread 0x00007faf5c31d270 Exception <a 'java/lang/NoSuchMethodError'{0x00000000f69a5338}: 'java.lang.Object java.lang.invoke.Invokers$Holder.linkToTargetMethod(java.lang.Object, java.lang.Object, long, java.lang.Object)'> (0x00000000f69a5338) 
thrown [src/hotspot/share/interpreter/linkResolver.cpp, line 758]
Event: 73.096 Thread 0x00007faf58001560 Exception <a 'java/io/FileNotFoundException'{0x00000000f5909278}> (0x00000000f5909278) 
thrown [src/hotspot/share/prims/jni.cpp, line 516]
Event: 73.203 Thread 0x00007faf58001560 Exception <a 'java/lang/NoSuchMethodError'{0x00000000f5cd7720}: 'java.lang.Object java.lang.invoke.DirectMethodHandle$Holder.newInvokeSpecial(java.lang.Object, java.lang.Object, int, java.lang.Object, java.lang.Object)'> (0x00000000f5cd7720) 
thrown [src/hotspot/share/interpreter/linkResolver.cpp, line 758]
Event: 73.203 Thread 0x00007faf58001560 Exception <a 'java/lang/NoSuchMethodError'{0x00000000f5cdbb50}: 'java.lang.Object java.lang.invoke.DirectMethodHandle$Holder.invokeSpecial(java.lang.Object, java.lang.Object, java.lang.Object, int, java.lang.Object, java.lang.Object)'> (0x00000000f5cdbb50) 
thrown [src/hotspot/share/interpreter/linkResolver.cpp, line 758]
Event: 73.391 Thread 0x00007faf58001560 Implicit null exception at 0x00007fafb7172030 to 0x00007fafb717227a
Event: 73.501 Thread 0x00007faf58001560 Exception <a 'java/lang/NoSuchMethodError'{0x00000000f65e5b68}: 'java.lang.Object java.lang.invoke.DirectMethodHandle$Holder.newInvokeSpecial(java.lang.Object, java.lang.Object, java.lang.Object, int, java.lang.Object)'> (0x00000000f65e5b68) 
thrown [src/hotspot/share/interpreter/linkResolver.cpp, line 758]
Event: 73.502 Thread 0x00007faf58001560 Exception <a 'java/lang/NoSuchMethodError'{0x00000000f65e9d18}: 'java.lang.Object java.lang.invoke.DirectMethodHandle$Holder.invokeSpecial(java.lang.Object, java.lang.Object, java.lang.Object, java.lang.Object, int, java.lang.Object)'> (0x00000000f65e9d18) 
thrown [src/hotspot/share/interpreter/linkResolver.cpp, line 758]
Event: 73.502 Thread 0x00007faf58001560 Exception <a 'java/lang/NoSuchMethodError'{0x00000000f65ed800}: 'java.lang.Object java.lang.invoke.Invokers$Holder.linkToTargetMethod(java.lang.Object, java.lang.Object, int, java.lang.Object, java.lang.Object)'> (0x00000000f65ed800) 
thrown [src/hotspot/share/interpreter/linkResolver.cpp, line 758]
Event: 80.611 Thread 0x00007faf34144ee0 Exception <a 'java/lang/NoSuchMethodError'{0x00000000f59584a8}: 'java.lang.Object java.lang.invoke.DirectMethodHandle$Holder.newInvokeSpecial(java.lang.Object, java.lang.Object, int, java.lang.Object, java.lang.Object, java.lang.Object, java.lang.Object)'> (0x00000000f59584a8) 
thrown [src/hotspot/share/interpreter/linkResolver.cpp, line 758]
Event: 80.902 Thread 0x00007faf34144ee0 Exception <a 'java/lang/NoSuchMethodError'{0x00000000f610d118}: 'void java.lang.invoke.DirectMethodHandle$Holder.invokeSpecial(java.lang.Object, java.lang.Object, int)'> (0x00000000f610d118) 
thrown [src/hotspot/share/interpreter/linkResolver.cpp, line 758]
Event: 80.990 Thread 0x00007faf34145c80 Exception <a 'java/lang/NoSuchMethodError'{0x00000000f61045e8}: 'void java.lang.invoke.DirectMethodHandle$Holder.invokeSpecial(java.lang.Object, java.lang.Object, int)'> (0x00000000f61045e8) 
thrown [src/hotspot/share/interpreter/linkResolver.cpp, line 758]
Event: 81.900 Thread 0x00007faf34144ee0 Exception <a 'java/lang/NoSuchMethodError'{0x00000000f7af7f00}: 'java.lang.Object java.lang.invoke.DirectMethodHandle$Holder.invokeStatic(java.lang.Object, int, java.lang.Object, java.lang.Object, java.lang.Object, java.lang.Object)'> (0x00000000f7af7f00) 
thrown [src/hotspot/share/interpreter/linkResolver.cpp, line 758]
Event: 81.901 Thread 0x00007faf34144ee0 Exception <a 'java/lang/NoSuchMethodError'{0x00000000f7b00128}: 'java.lang.Object java.lang.invoke.DirectMethodHandle$Holder.newInvokeSpecial(java.lang.Object, int, java.lang.Object, java.lang.Object, java.lang.Object)'> (0x00000000f7b00128) 
thrown [src/hotspot/share/interpreter/linkResolver.cpp, line 758]
Event: 82.592 Thread 0x00007faf34146910 Exception <a 'java/lang/NoSuchMethodError'{0x00000000f63411a8}: 'int java.lang.invoke.DirectMethodHandle$Holder.invokeSpecialIFC(java.lang.Object, java.lang.Object, java.lang.Object, java.lang.Object)'> (0x00000000f63411a8) 
thrown [src/hotspot/share/interpreter/linkResolver.cpp, line 758]
Event: 953.725 Thread 0x00007fafc80b1c30 Exception <a 'java/lang/OutOfMemoryError'{0x00000000e0004568}> (0x00000000e0004568) 
thrown [src/hotspot/share/gc/shared/memAllocator.cpp, line 136]

VM Operations (20 events):
Event: 925.972 Executing VM operation: ParallelGCFailedAllocation done
Event: 925.972 Executing VM operation: ParallelGCFailedAllocation
Event: 928.522 Executing VM operation: ParallelGCFailedAllocation done
Event: 928.523 Executing VM operation: ParallelGCFailedAllocation
Event: 931.249 Executing VM operation: ParallelGCFailedAllocation done
Event: 931.249 Executing VM operation: ParallelGCFailedAllocation
Event: 934.121 Executing VM operation: ParallelGCFailedAllocation done
Event: 934.121 Executing VM operation: ParallelGCFailedAllocation
Event: 936.846 Executing VM operation: ParallelGCFailedAllocation done
Event: 936.846 Executing VM operation: ParallelGCFailedAllocation
Event: 939.603 Executing VM operation: ParallelGCFailedAllocation done
Event: 939.603 Executing VM operation: ParallelGCFailedAllocation
Event: 942.213 Executing VM operation: ParallelGCFailedAllocation done
Event: 942.213 Executing VM operation: ParallelGCFailedAllocation
Event: 945.321 Executing VM operation: ParallelGCFailedAllocation done
Event: 945.321 Executing VM operation: ParallelGCFailedAllocation
Event: 948.246 Executing VM operation: ParallelGCFailedAllocation done
Event: 948.247 Executing VM operation: ParallelGCFailedAllocation
Event: 953.725 Executing VM operation: ParallelGCFailedAllocation done
Event: 953.725 Executing VM operation: ParallelGCFailedAllocation

Events (20 events):
Event: 81.397 loading class java/util/AbstractList$SubList
Event: 81.397 loading class java/util/AbstractList$SubList done
Event: 82.703 Thread 0x00007faf34145c80 Thread exited: 0x00007faf34145c80
Event: 82.790 Thread 0x00007faf34146910 Thread exited: 0x00007faf34146910
Event: 82.994 loading class java/util/concurrent/ConcurrentHashMap$TreeNode
Event: 82.994 loading class java/util/concurrent/ConcurrentHashMap$TreeNode done
Event: 82.994 loading class java/util/concurrent/ConcurrentHashMap$TreeBin
Event: 82.994 loading class java/util/concurrent/ConcurrentHashMap$TreeBin done
Event: 83.999 Thread 0x00007faf34144ee0 Thread exited: 0x00007faf34144ee0
Event: 93.230 Thread 0x00007fafc80b4590 flushing nmethod 0x00007fafb70f5f10
Event: 93.231 Thread 0x00007fafc80b4590 flushing nmethod 0x00007fafb7198b10
Event: 93.232 Thread 0x00007fafc80b4590 flushing nmethod 0x00007fafafb28090
Event: 93.234 Thread 0x00007fafc80b4590 flushing nmethod 0x00007fafafc5fb90
Event: 93.311 Thread 0x00007fafc80b4590 flushing nmethod 0x00007fafb05be210
Event: 115.123 Thread 0x00007faf30004df0 Thread exited: 0x00007faf30004df0
Event: 142.217 Thread 0x00007faf58001560 Thread exited: 0x00007faf58001560
Event: 148.110 Thread 0x00007faf50007440 Thread exited: 0x00007faf50007440
Event: 432.430 Thread 0x00007faf2c434210 Thread exited: 0x00007faf2c434210
Event: 446.519 Thread 0x00007faf30003bb0 Thread exited: 0x00007faf30003bb0
Event: 483.838 Thread 0x00007faf2c434c60 Thread exited: 0x00007faf2c434c60


Dynamic libraries:
e0000000-f0c80000 rw-p 00000000 00:00 0 
f0c80000-fa800000 rw-p 00000000 00:00 0 
fa800000-100000000 ---p 00000000 00:00 0 
800000000-800449000 rw-p 00001000 00:22b 4611686019135357769             /nix/store/gpxl5qgg8kicmcvivwmybwjlpf7wh20l-graalvm17-ce-22.3.0/lib/server/classes.jsa
800449000-800bc8000 r--p 0044a000 00:22b 4611686019135357769             /nix/store/gpxl5qgg8kicmcvivwmybwjlpf7wh20l-graalvm17-ce-22.3.0/lib/server/classes.jsa
800bc8000-800c00000 ---p 00000000 00:00 0 
800c00000-800c10000 rw-p 00000000 00:00 0 
800c10000-800c30000 rw-p 00000000 00:00 0 
800c30000-800cb0000 rw-p 00000000 00:00 0 
800cb0000-800cf0000 rw-p 00000000 00:00 0 
800cf0000-800db0000 rw-p 00000000 00:00 0 
800db0000-800df0000 rw-p 00000000 00:00 0 
800df0000-800f50000 rw-p 00000000 00:00 0 
800f50000-800fb0000 rw-p 00000000 00:00 0 
800fb0000-801030000 rw-p 00000000 00:00 0 
801030000-801060000 rw-p 00000000 00:00 0 
801060000-801080000 ---p 00000000 00:00 0 
801080000-801260000 rw-p 00000000 00:00 0 
801260000-840c00000 ---p 00000000 00:00 0 
55ab86deb000-55ab86dec000 r-xp 00000000 00:22b 4611686019099417844       /nix/store/gpxl5qgg8kicmcvivwmybwjlpf7wh20l-graalvm17-ce-22.3.0/bin/.java-wrapped
55ab86ded000-55ab86dee000 r--p 00001000 00:22b 4611686019099417844       /nix/store/gpxl5qgg8kicmcvivwmybwjlpf7wh20l-graalvm17-ce-22.3.0/bin/.java-wrapped
55ab86dee000-55ab86def000 rw-p 00002000 00:22b 4611686019099417844       /nix/store/gpxl5qgg8kicmcvivwmybwjlpf7wh20l-graalvm17-ce-22.3.0/bin/.java-wrapped
55ab86def000-55ab86df0000 rw-p 00004000 00:22b 4611686019099417844       /nix/store/gpxl5qgg8kicmcvivwmybwjlpf7wh20l-graalvm17-ce-22.3.0/bin/.java-wrapped
55ab86df0000-55ab86df1000 rw-p 00005000 00:22b 4611686019099417844       /nix/store/gpxl5qgg8kicmcvivwmybwjlpf7wh20l-graalvm17-ce-22.3.0/bin/.java-wrapped
55ab88cf4000-55ab88d3c000 rw-p 00000000 00:00 0                          [heap]
7faf04000000-7faf040a0000 rw-p 00000000 00:00 0 
7faf040a0000-7faf08000000 ---p 00000000 00:00 0 
7faf0c000000-7faf0c021000 rw-p 00000000 00:00 0 
7faf0c021000-7faf10000000 ---p 00000000 00:00 0 
7faf10000000-7faf100b3000 rw-p 00000000 00:00 0 
7faf100b3000-7faf14000000 ---p 00000000 00:00 0 
7faf14000000-7faf14021000 rw-p 00000000 00:00 0 
7faf14021000-7faf18000000 ---p 00000000 00:00 0 
7faf18000000-7faf18021000 rw-p 00000000 00:00 0 
7faf18021000-7faf1c000000 ---p 00000000 00:00 0 
7faf1c000000-7faf1c021000 rw-p 00000000 00:00 0 
7faf1c021000-7faf20000000 ---p 00000000 00:00 0 
7faf20400000-7faf205b0000 rw-p 00000000 00:00 0 
7faf205b0000-7faf205f0000 rw-p 00000000 00:00 0 
7faf205f0000-7faf209f0000 rw-p 00000000 00:00 0 
7faf209f0000-7faf20a20000 rw-p 00000000 00:00 0 
7faf20a20000-7faf20c00000 ---p 00000000 00:00 0 
7faf21c00000-7faf22070000 rw-p 00000000 00:00 0 
7faf22070000-7faf22400000 rw-p 00000000 00:00 0 
7faf224b3000-7faf2c000000 r--s 00000000 00:22b 4611686019135192581       /nix/store/gpxl5qgg8kicmcvivwmybwjlpf7wh20l-graalvm17-ce-22.3.0/lib/modules
7faf2c000000-7faf2c4ff000 rw-p 00000000 00:00 0 
7faf2c4ff000-7faf30000000 ---p 00000000 00:00 0 
7faf30000000-7faf30021000 rw-p 00000000 00:00 0 
7faf30021000-7faf34000000 ---p 00000000 00:00 0 
7faf34000000-7faf34183000 rw-p 00000000 00:00 0 
7faf34183000-7faf38000000 ---p 00000000 00:00 0 
7faf38000000-7faf38146000 rw-p 00000000 00:00 0 
7faf38146000-7faf3c000000 ---p 00000000 00:00 0 
7faf3c000000-7faf3c021000 rw-p 00000000 00:00 0 
7faf3c021000-7faf40000000 ---p 00000000 00:00 0 
7faf40000000-7faf40021000 rw-p 00000000 00:00 0 
7faf40021000-7faf44000000 ---p 00000000 00:00 0 
7faf44000000-7faf44035000 rw-p 00000000 00:00 0 
7faf44035000-7faf48000000 ---p 00000000 00:00 0 
7faf48000000-7faf48064000 rw-p 00000000 00:00 0 
7faf48064000-7faf4c000000 ---p 00000000 00:00 0 
7faf4c000000-7faf4c021000 rw-p 00000000 00:00 0 
7faf4c021000-7faf50000000 ---p 00000000 00:00 0 
7faf50000000-7faf5036e000 rw-p 00000000 00:00 0 
7faf5036e000-7faf54000000 ---p 00000000 00:00 0 
7faf54000000-7faf54021000 rw-p 00000000 00:00 0 
7faf54021000-7faf58000000 ---p 00000000 00:00 0 
7faf58000000-7faf58143000 rw-p 00000000 00:00 0 
7faf58143000-7faf5c000000 ---p 00000000 00:00 0 
7faf5c000000-7faf5c8cc000 rw-p 00000000 00:00 0 
7faf5c8cc000-7faf60000000 ---p 00000000 00:00 0 
7faf60000000-7faf60025000 rw-p 00000000 00:00 0 
7faf60025000-7faf64000000 ---p 00000000 00:00 0 
7faf64000000-7faf64021000 rw-p 00000000 00:00 0 
7faf64021000-7faf68000000 ---p 00000000 00:00 0 
7faf68000000-7faf68021000 rw-p 00000000 00:00 0 
7faf68021000-7faf6c000000 ---p 00000000 00:00 0 
7faf6c000000-7faf6c098000 rw-p 00000000 00:00 0 
7faf6c098000-7faf70000000 ---p 00000000 00:00 0 
7faf70000000-7faf70170000 rw-p 00000000 00:00 0 
7faf70170000-7faf701f0000 rw-p 00000000 00:00 0 
7faf701f0000-7faf704f0000 rw-p 00000000 00:00 0 
7faf704f0000-7faf705f0000 rw-p 00000000 00:00 0 
7faf705f0000-7faf707f0000 rw-p 00000000 00:00 0 
7faf707f0000-7faf708f0000 rw-p 00000000 00:00 0 
7faf708f0000-7faf709f0000 rw-p 00000000 00:00 0 
7faf709f0000-7faf70af0000 rw-p 00000000 00:00 0 
7faf70af0000-7faf70bf0000 rw-p 00000000 00:00 0 
7faf70bf0000-7faf70cf0000 rw-p 00000000 00:00 0 
7faf70cf0000-7faf70ef0000 rw-p 00000000 00:00 0 
7faf70ef0000-7faf70ff0000 rw-p 00000000 00:00 0 
7faf70ff0000-7faf710f0000 rw-p 00000000 00:00 0 
7faf710f0000-7faf711f0000 rw-p 00000000 00:00 0 
7faf711f0000-7faf717f0000 rw-p 00000000 00:00 0 
7faf717f0000-7faf718f0000 rw-p 00000000 00:00 0 
7faf718f0000-7faf719f0000 rw-p 00000000 00:00 0 
7faf719f0000-7faf71cf0000 rw-p 00000000 00:00 0 
7faf71cf0000-7faf71df0000 rw-p 00000000 00:00 0 
7faf71df0000-7faf72000000 rw-p 00000000 00:00 0 
7faf72200000-7faf72210000 r-xp 00000000 00:1f8 362                       /home/runner/.cache/jdt-language-server/config/org.eclipse.equinox.launcher/org.eclipse.equinox.launcher.gtk.linux.x86_64_1.2.400.v20211117-0650/eclipse_11600.so
7faf72210000-7faf7240f000 ---p 00010000 00:1f8 362                       /home/runner/.cache/jdt-language-server/config/org.eclipse.equinox.launcher/org.eclipse.equinox.launcher.gtk.linux.x86_64_1.2.400.v20211117-0650/eclipse_11600.so
7faf7240f000-7faf72410000 r--p 0000f000 00:1f8 362                       /home/runner/.cache/jdt-language-server/config/org.eclipse.equinox.launcher/org.eclipse.equinox.launcher.gtk.linux.x86_64_1.2.400.v20211117-0650/eclipse_11600.so
7faf72410000-7faf72411000 rw-p 00010000 00:1f8 362                       /home/runner/.cache/jdt-language-server/config/org.eclipse.equinox.launcher/org.eclipse.equinox.launcher.gtk.linux.x86_64_1.2.400.v20211117-0650/eclipse_11600.so
7faf73f00000-7faf74000000 ---p 00000000 00:00 0 
7faf74000000-7faf745af000 r--p 01122000 00:22b 4611686019135190040       /nix/store/gpxl5qgg8kicmcvivwmybwjlpf7wh20l-graalvm17-ce-22.3.0/lib/libjvmcicompiler.so
7faf745af000-7faf74700000 r--p 00000000 00:00 0 
7faf74700000-7faf7473d000 rw-p 00000000 00:00 0 
7faf7473d000-7faf74c5d000 rw-p 0185f000 00:22b 4611686019135190040       /nix/store/gpxl5qgg8kicmcvivwmybwjlpf7wh20l-graalvm17-ce-22.3.0/lib/libjvmcicompiler.so
7faf74c5d000-7faf75044000 r--p 01d7f000 00:22b 4611686019135190040       /nix/store/gpxl5qgg8kicmcvivwmybwjlpf7wh20l-graalvm17-ce-22.3.0/lib/libjvmcicompiler.so
7faf75100000-7faf75104000 ---p 00000000 00:00 0 
7faf75104000-7faf75200000 rw-p 00000000 00:00 0 
7faf75200000-7faf75204000 ---p 00000000 00:00 0 
7faf75204000-7faf75300000 rw-p 00000000 00:00 0 
7faf75300000-7faf75304000 ---p 00000000 00:00 0 
7faf75304000-7faf75400000 rw-p 00000000 00:00 0 
7faf75400000-7faf75404000 ---p 00000000 00:00 0 
7faf75404000-7faf75500000 rw-p 00000000 00:00 0 
7faf75500000-7faf75504000 ---p 00000000 00:00 0 
7faf75504000-7faf75600000 rw-p 00000000 00:00 0 
7faf75700000-7faf75704000 ---p 00000000 00:00 0 
7faf75704000-7faf75800000 rw-p 00000000 00:00 0 
7faf75900000-7faf75904000 ---p 00000000 00:00 0 
7faf75904000-7faf75a00000 rw-p 00000000 00:00 0 
7faf75b00000-7faf75b04000 ---p 00000000 00:00 0 
7faf75b04000-7faf75c00000 rw-p 00000000 00:00 0 
7faf75c00000-7faf77d6a000 r-xp 00000000 00:22b 4611686019135190040       /nix/store/gpxl5qgg8kicmcvivwmybwjlpf7wh20l-graalvm17-ce-22.3.0/lib/libjvmcicompiler.so
7faf77d6a000-7faf77f69000 ---p 0216a000 00:22b 4611686019135190040       /nix/store/gpxl5qgg8kicmcvivwmybwjlpf7wh20l-graalvm17-ce-22.3.0/lib/libjvmcicompiler.so
7faf77f69000-7faf77f6a000 r--p 02169000 00:22b 4611686019135190040       /nix/store/gpxl5qgg8kicmcvivwmybwjlpf7wh20l-graalvm17-ce-22.3.0/lib/libjvmcicompiler.so
7faf77f6a000-7faf77f6c000 rw-p 0216a000 00:22b 4611686019135190040       /nix/store/gpxl5qgg8kicmcvivwmybwjlpf7wh20l-graalvm17-ce-22.3.0/lib/libjvmcicompiler.so
7faf77f6c000-7faf77f6d000 rw-p 00000000 00:00 0 
7faf77f6d000-7faf77f72000 rw-p 023c3000 00:22b 4611686019135190040       /nix/store/gpxl5qgg8kicmcvivwmybwjlpf7wh20l-graalvm17-ce-22.3.0/lib/libjvmcicompiler.so
7faf78000000-7faf78021000 rw-p 00000000 00:00 0 
7faf78021000-7faf7c000000 ---p 00000000 00:00 0 
7faf7c000000-7faf7c021000 rw-p 00000000 00:00 0 
7faf7c021000-7faf80000000 ---p 00000000 00:00 0 
7faf80000000-7faf80021000 rw-p 00000000 00:00 0 
7faf80021000-7faf84000000 ---p 00000000 00:00 0 
7faf84000000-7faf84021000 rw-p 00000000 00:00 0 
7faf84021000-7faf88000000 ---p 00000000 00:00 0 
7faf88000000-7faf880c8000 rw-p 00000000 00:00 0 
7faf880c8000-7faf8c000000 ---p 00000000 00:00 0 
7faf8c000000-7faf8cb9f000 rw-p 00000000 00:00 0 
7faf8cb9f000-7faf90000000 ---p 00000000 00:00 0 
7faf90000000-7faf90021000 rw-p 00000000 00:00 0 
7faf90021000-7faf94000000 ---p 00000000 00:00 0 
7faf94000000-7faf94021000 rw-p 00000000 00:00 0 
7faf94021000-7faf98000000 ---p 00000000 00:00 0 
7faf98000000-7faf98021000 rw-p 00000000 00:00 0 
7faf98021000-7faf9c000000 ---p 00000000 00:00 0 
7faf9c000000-7faf9c021000 rw-p 00000000 00:00 0 
7faf9c021000-7fafa0000000 ---p 00000000 00:00 0 
7fafa0000000-7fafa0021000 rw-p 00000000 00:00 0 
7fafa0021000-7fafa4000000 ---p 00000000 00:00 0 
7fafa4000000-7fafa4021000 rw-p 00000000 00:00 0 
7fafa4021000-7fafa8000000 ---p 00000000 00:00 0 
7fafa8000000-7fafa8068000 rw-p 00000000 00:00 0 
7fafa8068000-7fafac000000 ---p 00000000 00:00 0 
7fafac000000-7fafac004000 ---p 00000000 00:00 0 
7fafac004000-7fafac100000 rw-p 00000000 00:00 0 
7fafac100000-7fafac104000 ---p 00000000 00:00 0 
7fafac104000-7fafac200000 rw-p 00000000 00:00 0 
7fafac200000-7fafac204000 ---p 00000000 00:00 0 
7fafac204000-7fafac300000 rw-p 00000000 00:00 0 
7fafac300000-7fafac304000 ---p 00000000 00:00 0 
7fafac304000-7fafac400000 rw-p 00000000 00:00 0 
7fafac400000-7fafac404000 ---p 00000000 00:00 0 
7fafac404000-7fafac500000 rw-p 00000000 00:00 0 
7fafac500000-7fafac504000 ---p 00000000 00:00 0 
7fafac504000-7fafac600000 rw-p 00000000 00:00 0 
7fafac600000-7fafac604000 ---p 00000000 00:00 0 
7fafac604000-7fafac700000 rw-p 00000000 00:00 0 
7fafac700000-7fafac704000 ---p 00000000 00:00 0 
7fafac704000-7fafac800000 rw-p 00000000 00:00 0 
7fafac800000-7fafac804000 ---p 00000000 00:00 0 
7fafac804000-7fafac900000 rw-p 00000000 00:00 0 
7fafaca00000-7fafaca04000 ---p 00000000 00:00 0 
7fafaca04000-7fafacb00000 rw-p 00000000 00:00 0 
7fafacc00000-7fafacc04000 ---p 00000000 00:00 0 
7fafacc04000-7fafacd00000 rw-p 00000000 00:00 0 
7fafacd00000-7fafacd04000 ---p 00000000 00:00 0 
7fafacd04000-7faface00000 rw-p 00000000 00:00 0 
7faface00000-7faface04000 ---p 00000000 00:00 0 
7faface04000-7fafacf00000 rw-p 00000000 00:00 0 
7fafacf00000-7fafacf04000 ---p 00000000 00:00 0 
7fafacf04000-7fafad000000 rw-p 00000000 00:00 0 
7fafad000000-7fafad004000 ---p 00000000 00:00 0 
7fafad004000-7fafad100000 rw-p 00000000 00:00 0 
7fafadd68000-7fafae200000 rw-p 00000000 00:00 0 
7fafae2fe000-7fafae2ff000 ---p 00000000 00:00 0 
7fafae2ff000-7fafae400000 rw-p 00000000 00:00 0 
7fafae400000-7fafae404000 ---p 00000000 00:00 0 
7fafae404000-7fafae500000 rw-p 00000000 00:00 0 
7fafae500000-7fafae504000 ---p 00000000 00:00 0 
7fafae504000-7fafae600000 rw-p 00000000 00:00 0 
7fafae600000-7fafae604000 ---p 00000000 00:00 0 
7fafae604000-7fafae700000 rw-p 00000000 00:00 0 
7fafae700000-7fafae704000 ---p 00000000 00:00 0 
7fafae704000-7fafae900000 rw-p 00000000 00:00 0 
7fafae900000-7fafae904000 ---p 00000000 00:00 0 
7fafae904000-7fafaeb00000 rw-p 00000000 00:00 0 
7fafaeb00000-7fafaeb04000 ---p 00000000 00:00 0 
7fafaeb04000-7fafaeff0000 rw-p 00000000 00:00 0 
7fafaeff0000-7fafaf2f0000 rw-p 00000000 00:00 0 
7fafaf2f0000-7fafaf400000 rw-p 00000000 00:00 0 
7fafaf4b3000-7fafaf723000 rwxp 00000000 00:00 0 
7fafaf723000-7fafafa42000 ---p 00000000 00:00 0 
7fafafa42000-7fafb0a42000 rwxp 00000000 00:00 0 
7fafb0a42000-7fafb6f7a000 ---p 00000000 00:00 0 
7fafb6f7a000-7fafb721a000 rwxp 00000000 00:00 0 
7fafb721a000-7fafbe4b3000 ---p 00000000 00:00 0 
7fafbe4b3000-7fafc8000000 r--s 00000000 00:22b 4611686019135192581       /nix/store/gpxl5qgg8kicmcvivwmybwjlpf7wh20l-graalvm17-ce-22.3.0/lib/modules
7fafc8000000-7fafc860d000 rw-p 00000000 00:00 0 
7fafc860d000-7fafcc000000 ---p 00000000 00:00 0 
7fafcc027000-7fafcc029000 r-xp 00000000 00:22b 4611686019135190017       /nix/store/gpxl5qgg8kicmcvivwmybwjlpf7wh20l-graalvm17-ce-22.3.0/lib/libextnet.so
7fafcc029000-7fafcc02a000 r--p 00001000 00:22b 4611686019135190017       /nix/store/gpxl5qgg8kicmcvivwmybwjlpf7wh20l-graalvm17-ce-22.3.0/lib/libextnet.so
7fafcc02a000-7fafcc02b000 rw-p 00002000 00:22b 4611686019135190017       /nix/store/gpxl5qgg8kicmcvivwmybwjlpf7wh20l-graalvm17-ce-22.3.0/lib/libextnet.so
7fafcc02b000-7fafcc02c000 rw-p 00004000 00:22b 4611686019135190017       /nix/store/gpxl5qgg8kicmcvivwmybwjlpf7wh20l-graalvm17-ce-22.3.0/lib/libextnet.so
7fafcc02c000-7fafcc030000 ---p 00000000 00:00 0 
7fafcc030000-7fafcc04e000 rw-p 00000000 00:00 0 
7fafcc04e000-7fafcc055000 r-xp 00000000 00:22b 4611686019135192580       /nix/store/gpxl5qgg8kicmcvivwmybwjlpf7wh20l-graalvm17-ce-22.3.0/lib/libzip.so
7fafcc055000-7fafcc056000 ---p 00007000 00:22b 4611686019135192580       /nix/store/gpxl5qgg8kicmcvivwmybwjlpf7wh20l-graalvm17-ce-22.3.0/lib/libzip.so
7fafcc056000-7fafcc057000 r--p 00007000 00:22b 4611686019135192580       /nix/store/gpxl5qgg8kicmcvivwmybwjlpf7wh20l-graalvm17-ce-22.3.0/lib/libzip.so
7fafcc057000-7fafcc058000 rw-p 00008000 00:22b 4611686019135192580       /nix/store/gpxl5qgg8kicmcvivwmybwjlpf7wh20l-graalvm17-ce-22.3.0/lib/libzip.so
7fafcc058000-7fafcc05a000 rw-p 0000b000 00:22b 4611686019135192580       /nix/store/gpxl5qgg8kicmcvivwmybwjlpf7wh20l-graalvm17-ce-22.3.0/lib/libzip.so
7fafcc05a000-7fafcc06f000 r-xp 00000000 00:22b 4611686019135192570       /nix/store/gpxl5qgg8kicmcvivwmybwjlpf7wh20l-graalvm17-ce-22.3.0/lib/libnet.so
7fafcc06f000-7fafcc070000 ---p 00015000 00:22b 4611686019135192570       /nix/store/gpxl5qgg8kicmcvivwmybwjlpf7wh20l-graalvm17-ce-22.3.0/lib/libnet.so
7fafcc070000-7fafcc071000 r--p 00015000 00:22b 4611686019135192570       /nix/store/gpxl5qgg8kicmcvivwmybwjlpf7wh20l-graalvm17-ce-22.3.0/lib/libnet.so
7fafcc071000-7fafcc072000 rw-p 00016000 00:22b 4611686019135192570       /nix/store/gpxl5qgg8kicmcvivwmybwjlpf7wh20l-graalvm17-ce-22.3.0/lib/libnet.so
7fafcc072000-7fafcc075000 rw-p 0001b000 00:22b 4611686019135192570       /nix/store/gpxl5qgg8kicmcvivwmybwjlpf7wh20l-graalvm17-ce-22.3.0/lib/libnet.so
7fafcc075000-7fafcc088000 r-xp 00000000 00:22b 4611686019135192571       /nix/store/gpxl5qgg8kicmcvivwmybwjlpf7wh20l-graalvm17-ce-22.3.0/lib/libnio.so
7fafcc088000-7fafcc089000 r--p 00012000 00:22b 4611686019135192571       /nix/store/gpxl5qgg8kicmcvivwmybwjlpf7wh20l-graalvm17-ce-22.3.0/lib/libnio.so
7fafcc089000-7fafcc08a000 rw-p 00013000 00:22b 4611686019135192571       /nix/store/gpxl5qgg8kicmcvivwmybwjlpf7wh20l-graalvm17-ce-22.3.0/lib/libnio.so
7fafcc08a000-7fafcc08f000 rw-p 00019000 00:22b 4611686019135192571       /nix/store/gpxl5qgg8kicmcvivwmybwjlpf7wh20l-graalvm17-ce-22.3.0/lib/libnio.so
7fafcc08f000-7fafcc093000 ---p 00000000 00:00 0 
7fafcc093000-7fafcc18f000 rw-p 00000000 00:00 0 
7fafcc18f000-7fafcc193000 ---p 00000000 00:00 0 
7fafcc193000-7fafcc28f000 rw-p 00000000 00:00 0 
7fafcc28f000-7fafcc575000 r--p 00000000 00:b0 28444448                   /usr/lib/locale/locale-archive
7fafcc575000-7fafcc579000 ---p 00000000 00:00 0 
7fafcc579000-7fafcc675000 rw-p 00000000 00:00 0 
7fafcc675000-7fafcc679000 ---p 00000000 00:00 0 
7fafcc679000-7fafcc775000 rw-p 00000000 00:00 0 
7fafcc775000-7fafcc776000 ---p 00000000 00:00 0 
7fafcc776000-7fafcc877000 rw-p 00000000 00:00 0 
7fafcc877000-7fafcc945000 r-xp 00000000 00:22b 4611686019135190036       /nix/store/gpxl5qgg8kicmcvivwmybwjlpf7wh20l-graalvm17-ce-22.3.0/lib/libjsvml.so
7fafcc945000-7fafcc946000 r--p 000cd000 00:22b 4611686019135190036       /nix/store/gpxl5qgg8kicmcvivwmybwjlpf7wh20l-graalvm17-ce-22.3.0/lib/libjsvml.so
7fafcc946000-7fafcc947000 rw-p 000ce000 00:22b 4611686019135190036       /nix/store/gpxl5qgg8kicmcvivwmybwjlpf7wh20l-graalvm17-ce-22.3.0/lib/libjsvml.so
7fafcc947000-7fafce21f000 rw-p 00000000 00:00 0 
7fafce21f000-7fafce220000 ---p 00000000 00:00 0 
7fafce220000-7fafce3a8000 rw-p 00000000 00:00 0 
7fafce3a8000-7fafce3f5000 rw-p 00000000 00:00 0 
7fafce3f5000-7fafce421000 ---p 00000000 00:00 0 
7fafce421000-7fafce428000 rw-p 00000000 00:00 0 
7fafce428000-7fafce50d000 ---p 00000000 00:00 0 
7fafce50d000-7fafce52d000 rw-p 00000000 00:00 0 
7fafce52d000-7fafce5f8000 ---p 00000000 00:00 0 
7fafce5f8000-7fafce5fd000 rw-p 00000000 00:00 0 
7fafce5fd000-7fafce604000 ---p 00000000 00:00 0 
7fafce604000-7fafce628000 r-xp 00000000 00:22b 4611686019135190028       /nix/store/gpxl5qgg8kicmcvivwmybwjlpf7wh20l-graalvm17-ce-22.3.0/lib/libjava.so
7fafce628000-7fafce629000 ---p 00024000 00:22b 4611686019135190028       /nix/store/gpxl5qgg8kicmcvivwmybwjlpf7wh20l-graalvm17-ce-22.3.0/lib/libjava.so
7fafce629000-7fafce62a000 r--p 00024000 00:22b 4611686019135190028       /nix/store/gpxl5qgg8kicmcvivwmybwjlpf7wh20l-graalvm17-ce-22.3.0/lib/libjava.so
7fafce62a000-7fafce62b000 rw-p 00025000 00:22b 4611686019135190028       /nix/store/gpxl5qgg8kicmcvivwmybwjlpf7wh20l-graalvm17-ce-22.3.0/lib/libjava.so
7fafce62b000-7fafce62c000 rw-p 00000000 00:00 0 
7fafce62c000-7fafce633000 rw-p 0002f000 00:22b 4611686019135190028       /nix/store/gpxl5qgg8kicmcvivwmybwjlpf7wh20l-graalvm17-ce-22.3.0/lib/libjava.so
7fafce633000-7fafce63b000 rw-s 00000000 00:1de 357                       /tmp/hsperfdata_runner/36
7fafce63b000-7fafce63c000 ---p 00000000 00:00 0 
7fafce63c000-7fafce63d000 r--p 00000000 00:00 0 
7fafce63d000-7fafce63e000 rwxp 00000000 00:00 0 
7fafce63e000-7fafce659000 r-xp 00000000 00:22b 4611686019135190032       /nix/store/gpxl5qgg8kicmcvivwmybwjlpf7wh20l-graalvm17-ce-22.3.0/lib/libjimage.so
7fafce659000-7fafce65a000 ---p 0001b000 00:22b 4611686019135190032       /nix/store/gpxl5qgg8kicmcvivwmybwjlpf7wh20l-graalvm17-ce-22.3.0/lib/libjimage.so
7fafce65a000-7fafce65c000 r--p 0001b000 00:22b 4611686019135190032       /nix/store/gpxl5qgg8kicmcvivwmybwjlpf7wh20l-graalvm17-ce-22.3.0/lib/libjimage.so
7fafce65c000-7fafce65d000 rw-p 0001d000 00:22b 4611686019135190032       /nix/store/gpxl5qgg8kicmcvivwmybwjlpf7wh20l-graalvm17-ce-22.3.0/lib/libjimage.so
7fafce65d000-7fafce65e000 rw-p 00024000 00:22b 4611686019135190032       /nix/store/gpxl5qgg8kicmcvivwmybwjlpf7wh20l-graalvm17-ce-22.3.0/lib/libjimage.so
7fafce65e000-7fafce662000 ---p 00000000 00:00 0 
7fafce662000-7fafce75e000 rw-p 00000000 00:00 0 
7fafce75e000-7fafce76c000 r--p 00000000 00:22b 4611686019027979927       /nix/store/4nlgxhb09sdr51nc9hdm8az5b08vzkgx-glibc-2.35-163/lib/libm.so.6
7fafce76c000-7fafce7df000 r-xp 0000e000 00:22b 4611686019027979927       /nix/store/4nlgxhb09sdr51nc9hdm8az5b08vzkgx-glibc-2.35-163/lib/libm.so.6
7fafce7df000-7fafce83c000 r--p 00081000 00:22b 4611686019027979927       /nix/store/4nlgxhb09sdr51nc9hdm8az5b08vzkgx-glibc-2.35-163/lib/libm.so.6
7fafce83c000-7fafce83d000 r--p 000dd000 00:22b 4611686019027979927       /nix/store/4nlgxhb09sdr51nc9hdm8az5b08vzkgx-glibc-2.35-163/lib/libm.so.6
7fafce83d000-7fafce83e000 rw-p 000de000 00:22b 4611686019027979927       /nix/store/4nlgxhb09sdr51nc9hdm8az5b08vzkgx-glibc-2.35-163/lib/libm.so.6
7fafce83e000-7fafce83f000 r--p 00000000 00:22b 4611686019027979946       /nix/store/4nlgxhb09sdr51nc9hdm8az5b08vzkgx-glibc-2.35-163/lib/librt.so.1
7fafce83f000-7fafce840000 r-xp 00001000 00:22b 4611686019027979946       /nix/store/4nlgxhb09sdr51nc9hdm8az5b08vzkgx-glibc-2.35-163/lib/librt.so.1
7fafce840000-7fafce841000 r--p 00002000 00:22b 4611686019027979946       /nix/store/4nlgxhb09sdr51nc9hdm8az5b08vzkgx-glibc-2.35-163/lib/librt.so.1
7fafce841000-7fafce842000 r--p 00002000 00:22b 4611686019027979946       /nix/store/4nlgxhb09sdr51nc9hdm8az5b08vzkgx-glibc-2.35-163/lib/librt.so.1
7fafce842000-7fafce843000 rw-p 00003000 00:22b 4611686019027979946       /nix/store/4nlgxhb09sdr51nc9hdm8az5b08vzkgx-glibc-2.35-163/lib/librt.so.1
7fafce843000-7fafcf956000 r-xp 00000000 00:22b 4611686019135360866       /nix/store/gpxl5qgg8kicmcvivwmybwjlpf7wh20l-graalvm17-ce-22.3.0/lib/server/libjvm.so
7fafcf956000-7fafcf957000 ---p 01113000 00:22b 4611686019135360866       /nix/store/gpxl5qgg8kicmcvivwmybwjlpf7wh20l-graalvm17-ce-22.3.0/lib/server/libjvm.so
7fafcf957000-7fafcfa0c000 r--p 01113000 00:22b 4611686019135360866       /nix/store/gpxl5qgg8kicmcvivwmybwjlpf7wh20l-graalvm17-ce-22.3.0/lib/server/libjvm.so
7fafcfa0c000-7fafcfa40000 rw-p 011c8000 00:22b 4611686019135360866       /nix/store/gpxl5qgg8kicmcvivwmybwjlpf7wh20l-graalvm17-ce-22.3.0/lib/server/libjvm.so
7fafcfa40000-7fafcfa9c000 rw-p 00000000 00:00 0 
7fafcfa9c000-7fafcfac4000 r--p 00000000 00:22b 4611686019027979918       /nix/store/4nlgxhb09sdr51nc9hdm8az5b08vzkgx-glibc-2.35-163/lib/libc.so.6
7fafcfac4000-7fafcfc3a000 r-xp 00028000 00:22b 4611686019027979918       /nix/store/4nlgxhb09sdr51nc9hdm8az5b08vzkgx-glibc-2.35-163/lib/libc.so.6
7fafcfc3a000-7fafcfc92000 r--p 0019e000 00:22b 4611686019027979918       /nix/store/4nlgxhb09sdr51nc9hdm8az5b08vzkgx-glibc-2.35-163/lib/libc.so.6
7fafcfc92000-7fafcfc96000 r--p 001f6000 00:22b 4611686019027979918       /nix/store/4nlgxhb09sdr51nc9hdm8az5b08vzkgx-glibc-2.35-163/lib/libc.so.6
7fafcfc96000-7fafcfc98000 rw-p 001fa000 00:22b 4611686019027979918       /nix/store/4nlgxhb09sdr51nc9hdm8az5b08vzkgx-glibc-2.35-163/lib/libc.so.6
7fafcfc98000-7fafcfca7000 rw-p 00000000 00:00 0 
7fafcfca7000-7fafcfca8000 r--p 00000000 00:22b 4611686019027979923       /nix/store/4nlgxhb09sdr51nc9hdm8az5b08vzkgx-glibc-2.35-163/lib/libdl.so.2
7fafcfca8000-7fafcfca9000 r-xp 00001000 00:22b 4611686019027979923       /nix/store/4nlgxhb09sdr51nc9hdm8az5b08vzkgx-glibc-2.35-163/lib/libdl.so.2
7fafcfca9000-7fafcfcaa000 r--p 00002000 00:22b 4611686019027979923       /nix/store/4nlgxhb09sdr51nc9hdm8az5b08vzkgx-glibc-2.35-163/lib/libdl.so.2
7fafcfcaa000-7fafcfcab000 r--p 00002000 00:22b 4611686019027979923       /nix/store/4nlgxhb09sdr51nc9hdm8az5b08vzkgx-glibc-2.35-163/lib/libdl.so.2
7fafcfcab000-7fafcfcac000 rw-p 00003000 00:22b 4611686019027979923       /nix/store/4nlgxhb09sdr51nc9hdm8az5b08vzkgx-glibc-2.35-163/lib/libdl.so.2
7fafcfcac000-7fafcfcad000 r--p 00000000 00:22b 4611686019027979942       /nix/store/4nlgxhb09sdr51nc9hdm8az5b08vzkgx-glibc-2.35-163/lib/libpthread.so.0
7fafcfcad000-7fafcfcae000 r-xp 00001000 00:22b 4611686019027979942       /nix/store/4nlgxhb09sdr51nc9hdm8az5b08vzkgx-glibc-2.35-163/lib/libpthread.so.0
7fafcfcae000-7fafcfcaf000 r--p 00002000 00:22b 4611686019027979942       /nix/store/4nlgxhb09sdr51nc9hdm8az5b08vzkgx-glibc-2.35-163/lib/libpthread.so.0
7fafcfcaf000-7fafcfcb0000 r--p 00002000 00:22b 4611686019027979942       /nix/store/4nlgxhb09sdr51nc9hdm8az5b08vzkgx-glibc-2.35-163/lib/libpthread.so.0
7fafcfcb0000-7fafcfcb1000 rw-p 00003000 00:22b 4611686019027979942       /nix/store/4nlgxhb09sdr51nc9hdm8az5b08vzkgx-glibc-2.35-163/lib/libpthread.so.0
7fafcfcb1000-7fafcfcbf000 r-xp 00000000 00:22b 4611686019135190033       /nix/store/gpxl5qgg8kicmcvivwmybwjlpf7wh20l-graalvm17-ce-22.3.0/lib/libjli.so
7fafcfcbf000-7fafcfcc0000 ---p 0000e000 00:22b 4611686019135190033       /nix/store/gpxl5qgg8kicmcvivwmybwjlpf7wh20l-graalvm17-ce-22.3.0/lib/libjli.so
7fafcfcc0000-7fafcfcc1000 r--p 0000e000 00:22b 4611686019135190033       /nix/store/gpxl5qgg8kicmcvivwmybwjlpf7wh20l-graalvm17-ce-22.3.0/lib/libjli.so
7fafcfcc1000-7fafcfcc2000 rw-p 0000f000 00:22b 4611686019135190033       /nix/store/gpxl5qgg8kicmcvivwmybwjlpf7wh20l-graalvm17-ce-22.3.0/lib/libjli.so
7fafcfcc2000-7fafcfcc3000 rw-p 00012000 00:22b 4611686019135190033       /nix/store/gpxl5qgg8kicmcvivwmybwjlpf7wh20l-graalvm17-ce-22.3.0/lib/libjli.so
7fafcfcc3000-7fafcfcc6000 r--p 00000000 00:22b 4611686019106210071       /nix/store/026hln0aq1hyshaxsdvhg0kmcm6yf45r-zlib-1.2.13/lib/libz.so.1.2.13
7fafcfcc6000-7fafcfcd8000 r-xp 00003000 00:22b 4611686019106210071       /nix/store/026hln0aq1hyshaxsdvhg0kmcm6yf45r-zlib-1.2.13/lib/libz.so.1.2.13
7fafcfcd8000-7fafcfcdf000 r--p 00015000 00:22b 4611686019106210071       /nix/store/026hln0aq1hyshaxsdvhg0kmcm6yf45r-zlib-1.2.13/lib/libz.so.1.2.13
7fafcfcdf000-7fafcfce0000 r--p 0001b000 00:22b 4611686019106210071       /nix/store/026hln0aq1hyshaxsdvhg0kmcm6yf45r-zlib-1.2.13/lib/libz.so.1.2.13
7fafcfce0000-7fafcfce1000 rw-p 0001c000 00:22b 4611686019106210071       /nix/store/026hln0aq1hyshaxsdvhg0kmcm6yf45r-zlib-1.2.13/lib/libz.so.1.2.13
7fafcfce1000-7fafcfce3000 rw-p 00000000 00:00 0 
7fafcfce3000-7fafcfce5000 r--p 00000000 00:22b 4611686019027979912       /nix/store/4nlgxhb09sdr51nc9hdm8az5b08vzkgx-glibc-2.35-163/lib/ld-linux-x86-64.so.2
7fafcfce5000-7fafcfd0c000 r-xp 00002000 00:22b 4611686019027979912       /nix/store/4nlgxhb09sdr51nc9hdm8az5b08vzkgx-glibc-2.35-163/lib/ld-linux-x86-64.so.2
7fafcfd0c000-7fafcfd18000 r--p 00029000 00:22b 4611686019027979912       /nix/store/4nlgxhb09sdr51nc9hdm8az5b08vzkgx-glibc-2.35-163/lib/ld-linux-x86-64.so.2
7fafcfd18000-7fafcfd1a000 r--p 00034000 00:22b 4611686019027979912       /nix/store/4nlgxhb09sdr51nc9hdm8az5b08vzkgx-glibc-2.35-163/lib/ld-linux-x86-64.so.2
7fafcfd1a000-7fafcfd1c000 rw-p 00036000 00:22b 4611686019027979912       /nix/store/4nlgxhb09sdr51nc9hdm8az5b08vzkgx-glibc-2.35-163/lib/ld-linux-x86-64.so.2
7ffe234cf000-7ffe234f3000 rw-p 00000000 00:00 0                          [stack]
7ffe235d0000-7ffe235d4000 r--p 00000000 00:00 0                          [vvar]
7ffe235d4000-7ffe235d6000 r-xp 00000000 00:00 0                          [vdso]
ffffffffff600000-ffffffffff601000 --xp 00000000 00:00 0                  [vsyscall]


VM Arguments:
jvm_args: -XX:ThreadPriorityPolicy=1 -XX:+UnlockExperimentalVMOptions -XX:+EnableJVMCIProduct -XX:JVMCIThreadsPerNativeLibraryRuntime=1 -XX:-UnlockExperimentalVMOptions -Declipse.application=org.eclipse.jdt.ls.core.id1 -Dosgi.bundles.defaultStartLevel=4 -Declipse.product=org.eclipse.jdt.ls.core.product -Dlog.level=ALL -Xverify:none -XX:+UseParallelGC -XX:GCTimeRatio=4 -XX:AdaptiveSizePolicyWeight=90 -Dsun.zip.disableMemoryMapping=true -Xmx512m -Xms100m 
java_command: /nix/store/a7s9klvriqi68xz3qjc0qyfl5h86xc16-jdt-language-server-1.9.0/share/java/plugins/org.eclipse.equinox.launcher_1.6.400.v20210924-0641.jar --add-modules=ALL-SYSTEM --add-opens java.base/java.util=ALL-UNNAMED --add-opens java.base/java.lang=ALL-UNNAMED -configuration /home/runner/.cache/jdt-language-server/config -data /home/runner/.cache/jdt-language-server/data/home/runner/ProyectoAsistenciaColegio
java_class_path (initial): /nix/store/a7s9klvriqi68xz3qjc0qyfl5h86xc16-jdt-language-server-1.9.0/share/java/plugins/org.eclipse.equinox.launcher_1.6.400.v20210924-0641.jar
Launcher Type: SUN_STANDARD

[Global flags]
    uintx AdaptiveSizePolicyWeight                 = 90                                        {product} {command line}
     intx CICompilerCount                          = 2                                         {product} {ergonomic}
     bool EnableJVMCIProduct                       = true                                {JVMCI product} {jimage}
    uintx GCTimeRatio                              = 4                                         {product} {command line}
   size_t InitialHeapSize                          = 104857600                                 {product} {command line}
     uint JVMCIThreadsPerNativeLibraryRuntime      = 1                                   {JVMCI product} {jimage}
   size_t MaxHeapSize                              = 536870912                                 {product} {command line}
   size_t MaxNewSize                               = 178782208                                 {product} {ergonomic}
   size_t MinHeapDeltaBytes                        = 524288                                    {product} {ergonomic}
   size_t MinHeapSize                              = 104857600                                 {product} {command line}
   size_t NewSize                                  = 34603008                                  {product} {ergonomic}
    uintx NonNMethodCodeHeapSize                   = 5826188                                {pd product} {ergonomic}
    uintx NonProfiledCodeHeapSize                  = 122916026                              {pd product} {ergonomic}
   size_t OldSize                                  = 70254592                                  {product} {ergonomic}
    uintx ProfiledCodeHeapSize                     = 122916026                              {pd product} {ergonomic}
    uintx ReservedCodeCacheSize                    = 251658240                              {pd product} {ergonomic}
     bool SegmentedCodeCache                       = true                                      {product} {ergonomic}
   size_t SoftMaxHeapSize                          = 536870912                              {manageable} {ergonomic}
     intx ThreadPriorityPolicy                     = 1                                         {product} {jimage}
     bool UseCompressedClassPointers               = true                           {product lp64_product} {ergonomic}
     bool UseCompressedOops                        = true                           {product lp64_product} {ergonomic}
     bool UseParallelGC                            = true                                      {product} {command line}

Logging:
Log output configuration:
 #0: stdout all=warning uptime,level,tags
 #1: stderr all=off uptime,level,tags

Environment Variables:
JAVA_HOME=/nix/store/gpxl5qgg8kicmcvivwmybwjlpf7wh20l-graalvm17-ce-22.3.0
PATH=/nix/store/1d6ian3r8kdzspw8hacjhl3xkp40g1lj-binutils-wrapper-2.39/bin:/nix/store/dq0xwmsk1g0i2ayg6pb7y87na2knzylh-gcc-wrapper-11.3.0/bin:/nix/store/bap4d0lpcrhpwmpb8ayjcgkmvfj62lnq-bash-interactive-5.1-p16/bin:/nix/store/pr5n59mb4jzmfx6kanwxly0l07p861fg-patchelf-0.15.0/bin:/nix/store/1gf2flfqnpqbr1b4p4qz2f72y42bs56r-gcc-11.3.0/bin:/nix/store/57xv61c5zi8pphjbcwxxjlgc34p61ic9-glibc-2.35-163-bin/bin:/nix/store/a7gvj343m05j2s32xcnwr35v31ynlypr-coreutils-9.1/bin:/nix/store/039g378vc3pc3dvi9dzdlrd0i4q93qwf-binutils-2.39/bin:/nix/store/gpxl5qgg8kicmcvivwmybwjlpf7wh20l-graalvm17-ce-22.3.0/bin:/nix/store/6z9ag3ihc8mq2hzsw48lhbznvzny65nz-apache-maven-3.8.6/bin:/nix/store/a7s9klvriqi68xz3qjc0qyfl5h86xc16-jdt-language-server-1.9.0/bin:/nix/store/48ifl2w60a3zp7yskbpnvn8jp9jdsb7k-java-debug/bin:/nix/store/mydc6f4k2z73xlcz7ilif3v2lcaiqvza-findutils-4.9.0/bin:/nix/store/j9p3g8472iijd50vhdprx0nmk2fqn5gv-diffutils-3.8/bin:/nix/store/89zs7rms6x00xfq4dq6m7mjnhkr8a6r4-gnused-4.8/bin:/nix/store/86bp03jkmsl6f92w0yzg4s59g5mhxwmy-gnugrep-3.7/bin:/nix/store/hwcdqw4jrjnd37wxqgsd47hd0j8bnj09-gawk-5.1.1/bin:/nix/store/cfbhw8r8ags41vwqaz47r583d0p4h4a1-gnutar-1.34/bin:/nix/store/p3m1ndl1lapwrlh698bnb5lvvxh67378-gzip-1.12/bin:/nix/store/a8mhcagrsly7c7mpjrpsnaahk4aax056-bzip2-1.0.8-bin/bin:/nix/store/mblgz65m3zv9x548a3d5m96fj2pbwr09-gnumake-4.3/bin:/nix/store/dsd5gz46hdbdk2rfdimqddhq6m8m8fqs-bash-5.1-p16/bin:/nix/store/v7ljksji50mg3w61dykaa3n3y79n6nil-patch-2.7.6/bin:/nix/store/zlcnmqq14jz5x9439jf937mvayyl63da-xz-5.2.7-bin/bin:/nix/store/y6aj732zm9m87c82fpvf103a1xb22blp-file-5.43/bin:/nix/store/i4kzir3m7mrisxmf5xvlnkw01x4qaqr4-prybar-elisp-0.0.0-e0d9a52/bin:/nix/store/lwwivxf6h7x3cvxp9zv8sj0mv7dak99r-prybar-lua-0.0.0-e0d9a52/bin:/nix/store/gxj28g1cg4hq3qanmjv07156h800qr58-prybar-python3-0.0.0-e0d9a52/bin:/nix/store/hshkjnxrgidigf8x75vg6lqng2xlx9i3-prybar-sqlite-0.0.0-e0d9a52/bin:/nix/store/c4w01bpjgyy5ixmwdk8m1pw87zq4sl26-prybar-tcl-0.0.0-e0d9a52/bin:/nix/store/hpbvrlwd5viqmvcaisb3x0118i913a9n-st
LD_LIBRARY_PATH=/nix/store/a4pff549sk2idnkpzk5nsfps3mdkdnvm-cups-2.4.2-lib/lib:/nix/store/72mqxxhh3cy5yifh92wh2yb8cl2hikyy-cairo-1.16.0/lib:/nix/store/2k366jrbsra97gjfxwvrhvixjfxdach5-glib-2.74.1/lib:/nix/store/2j2znigd8ak37rlwh9khz0ry3clqlw1l-gtk+3-3.24.34/lib:/nix/store/hisqvx32cd57apbpcsnkpx6k3549wql1-libglvnd-1.4.0/lib:/nix/store/p36pgcv991mq5srvg765b78yqpxvk3qs-mesa-21.3.3-drivers/lib:/nix/store/mav4251if1ahjq5vkpwycyyvnmy459c4-pulseaudio-14.2/lib
DISPLAY=:0
LANG=en_US.UTF-8

Signal Handlers:
   SIGSEGV: crash_handler in libjvm.so, mask=11100100010111111101111111111110, flags=SA_RESTART|SA_SIGINFO
    SIGBUS: crash_handler in libjvm.so, mask=11100100010111111101111111111110, flags=SA_RESTART|SA_SIGINFO
    SIGFPE: crash_handler in libjvm.so, mask=11100100010111111101111111111110, flags=SA_RESTART|SA_SIGINFO
   SIGPIPE: IsolateEnterStub_IgnoreSIGPIPEStartupHook_noopSignalHandler_8f19bff2f35b5f630d83b364d6b2339320d4ec70_216e8361c6bc87a8f89f58cc10d3b2fd4415bf87 in libjvmcicompiler.so, mask=00000000000000000000000000000000, flags=SA_RESTART
  *** Handler was modified!
  *** Expected: javaSignalHandler in libjvm.so, mask=11100100110111111111111111111110, flags=SA_RESTART|SA_SIGINFO
   SIGXFSZ: javaSignalHandler in libjvm.so, mask=11100100010111111101111111111110, flags=SA_RESTART|SA_SIGINFO
    SIGILL: crash_handler in libjvm.so, mask=11100100010111111101111111111110, flags=SA_RESTART|SA_SIGINFO
   SIGUSR2: SR_handler in libjvm.so, mask=00000000000000000000000000000000, flags=SA_RESTART|SA_SIGINFO
    SIGHUP: UserHandler in libjvm.so, mask=11100100010111111101111111111110, flags=SA_RESTART|SA_SIGINFO
    SIGINT: UserHandler in libjvm.so, mask=11100100010111111101111111111110, flags=SA_RESTART|SA_SIGINFO
   SIGTERM: UserHandler in libjvm.so, mask=11100100010111111101111111111110, flags=SA_RESTART|SA_SIGINFO
   SIGQUIT: UserHandler in libjvm.so, mask=11100100010111111101111111111110, flags=SA_RESTART|SA_SIGINFO
  *** Handler was modified!
  *** Expected: javaSignalHandler in libjvm.so, mask=11100100110111111111111111111110, flags=SA_RESTART|SA_SIGINFO
   SIGTRAP: crash_handler in libjvm.so, mask=11100100010111111101111111111110, flags=SA_RESTART|SA_SIGINFO


---------------  S Y S T E M  ---------------

OS:
DISTRIB_ID=Ubuntu
DISTRIB_RELEASE=20.04
DISTRIB_CODENAME=focal
DISTRIB_DESCRIPTION="Ubuntu 20.04.2 LTS"
uname: Linux 6.2.0-1012-gcp #12~22.04.1-Ubuntu SMP Mon Aug 21 08:36:27 UTC 2023 x86_64
OS uptime: 0 days 12:07 hours
libc: glibc 2.35 NPTL 2.35 
rlimit (soft/hard): STACK 8192k/infinity , CORE infinity/infinity , NPROC infinity/infinity , NOFILE 5242/5242 , AS infinity/infinity , CPU infinity/infinity , DATA infinity/infinity , FSIZE infinity/infinity , MEMLOCK 8192k/8192k
load average: 18.65 18.91 19.87

/proc/meminfo:
MemTotal:       65835940 kB
MemFree:        33384276 kB
MemAvailable:   43753996 kB
Buffers:          671584 kB
Cached:          9230672 kB
SwapCached:            0 kB
Active:          4479852 kB
Inactive:       25718528 kB
Active(anon):      11032 kB
Inactive(anon): 20110696 kB
Active(file):    4468820 kB
Inactive(file):  5607832 kB
Unevictable:       29200 kB
Mlocked:           29200 kB
SwapTotal:             0 kB
SwapFree:              0 kB
Zswap:                 0 kB
Zswapped:              0 kB
Dirty:              3688 kB
Writeback:             0 kB
AnonPages:      18964352 kB
Mapped:          1347744 kB
Shmem:             25068 kB
KReclaimable:    1019520 kB
Slab:            1528368 kB
SReclaimable:    1019520 kB
SUnreclaim:       508848 kB
KernelStack:      148264 kB
PageTables:       222608 kB
SecPageTables:         0 kB
NFS_Unstable:          0 kB
Bounce:                0 kB
WritebackTmp:          0 kB
CommitLimit:    32917968 kB
Committed_AS:   59023320 kB
VmallocTotal:   34359738367 kB
VmallocUsed:      176324 kB
VmallocChunk:          0 kB
Percpu:            29344 kB
HardwareCorrupted:     0 kB
AnonHugePages:   1818624 kB
ShmemHugePages:        0 kB
ShmemPmdMapped:        0 kB
FileHugePages:         0 kB
FilePmdMapped:         0 kB
HugePages_Total:       0
HugePages_Free:        0
HugePages_Rsvd:        0
HugePages_Surp:        0
Hugepagesize:       2048 kB
Hugetlb:               0 kB
DirectMap4k:      944952 kB
DirectMap2M:    50432000 kB
DirectMap1G:    17825792 kB

/sys/kernel/mm/transparent_hugepage/enabled: always [madvise] never
/sys/kernel/mm/transparent_hugepage/defrag (defrag/compaction efforts parameter): always defer defer+madvise [madvise] never

Process Memory:
Virtual Size: 4789884K (peak: 4882236K)
Resident Set Size: 786012K (peak: 824136K) (anon: 589836K, file: 196176K, shmem: 0K)
Swapped out: 0K
C-Heap outstanding allocations: 44054K, retained: 14453K
glibc malloc tunables: (default)

/proc/sys/kernel/threads-max (system-wide limit on the number of threads): 514277
/proc/sys/vm/max_map_count (maximum number of memory map areas a process may have): 65530
/proc/sys/kernel/pid_max (system-wide limit on number of process identifiers): 4194304

container (cgroup) information:
container_type: cgroupv2
cpu_cpuset_cpus: not supported
cpu_memory_nodes: not supported
active_processor_count: 1
cpu_quota: 50000
cpu_period: 100000
cpu_shares: no shares
memory_limit_in_bytes: 1048576 k
memory_and_swap_limit_in_bytes: unlimited
memory_soft_limit_in_bytes: 524288 k
memory_usage_in_bytes: 718988 k
memory_max_usage_in_bytes: not supported
maximum number of tasks: not supported
current number of tasks: not supported

KVM virtualization detected
Steal ticks since vm start: 1303
Steal ticks percentage since vm start:  0.002

CPU: total 8 (initial active 1) (4 cores per cpu, 2 threads per core) family 6 model 79 stepping 0 microcode 0xffffffff, cx8, cmov, fxsr, ht, mmx, 3dnowpref, sse, sse2, sse3, ssse3, sse4.1, sse4.2, popcnt, lzcnt, tsc, tscinvbit, avx, avx2, aes, erms, clmul, bmi1, bmi2, rtm, adx, fma, vzeroupper, clflush, hv
CPU Model and flags from /proc/cpuinfo:
model name	: Intel(R) Xeon(R) CPU @ 2.20GHz
flags		: fpu vme de pse tsc msr pae mce cx8 apic sep mtrr pge mca cmov pat pse36 clflush mmx fxsr sse sse2 ss ht syscall nx pdpe1gb rdtscp lm constant_tsc rep_good nopl xtopology nonstop_tsc cpuid tsc_known_freq pni pclmulqdq ssse3 fma cx16 pcid sse4_1 sse4_2 x2apic movbe popcnt aes xsave avx f16c rdrand hypervisor lahf_lm abm 3dnowprefetch invpcid_single pti ssbd ibrs ibpb stibp fsgsbase tsc_adjust bmi1 hle avx2 smep bmi2 erms invpcid rtm rdseed adx smap xsaveopt arat md_clear arch_capabilities

Online cpus: 0-7
Offline cpus: 
BIOS frequency limitation: <Not Available>
Frequency switch latency (ns): <Not Available>
Available cpu frequencies: <Not Available>
Current governor: <Not Available>
Core performance/turbo boost: <Not Available>

Memory: 4k page, physical 1048576k(329580k free), swap 0k(0k free)
Page Sizes: 4k

vm_info: OpenJDK 64-Bit Server VM (17.0.5+8-jvmci-22.3-b08) for linux-amd64 JRE (17.0.5+8-jvmci-22.3-b08), built on Oct 19 2022 09:01:27 by "buildslave" with gcc 10.3.0

END.
